#options: 480x854 fps=30/1 timebase=1/30 bitdepth=8 cabac=1 ref=1 deblock=1:0:0 analyse=0x1:0 me=dia subme=2 psy=1 psy_rd=1.00:0.00 mixed_ref=0 me_range=16 chroma_me=1 trellis=0 8x8dct=0 cqm=0 deadzone=21,11 fast_pskip=1 chroma_qp_offset=0 threads=24 lookahead_threads=6 sliced_threads=0 nr=0 decimate=1 interlaced=0 bluray_compat=0 constrained_intra=0 bframes=3 b_pyramid=2 b_adapt=1 b_bias=0 direct=1 weightb=1 open_gop=0 weightp=1 keyint=250 keyint_min=25 scenecut=40 intra_refresh=0 rc_lookahead=30 rc=abr mbtree=1 bitrate=3604 ratetol=1.0 qcomp=0.60 qpmin=0 qpmax=69 qpstep=4 ip_ratio=1.40 aq=1:1.00
in:0 out:0 type:I dur:2 cpbdur:2 q:21.42 aq:12.79 tex:386017 mv:56525 misc:170 imb:1620 pmb:0 smb:0 d:- ref:;
in:2 out:1 type:P dur:2 cpbdur:2 q:23.07 aq:14.06 tex:17870 mv:2189 misc:1325 imb:9 pmb:467 smb:1144 d:- ref:0 ;
in:1 out:2 type:b dur:2 cpbdur:2 q:23.07 aq:11.58 tex:107 mv:270 misc:359 imb:0 pmb:44 smb:1576 d:- ref:0 ;
in:4 out:3 type:P dur:2 cpbdur:2 q:22.87 aq:14.12 tex:29497 mv:2358 misc:1009 imb:7 pmb:401 smb:1212 d:- ref:0 ;
in:3 out:4 type:b dur:2 cpbdur:2 q:22.97 aq:12.69 tex:425 mv:308 misc:291 imb:0 pmb:28 smb:1592 d:- ref:0 ;
in:8 out:5 type:P dur:2 cpbdur:2 q:22.69 aq:14.22 tex:31728 mv:2450 misc:1262 imb:10 pmb:516 smb:1094 d:- ref:0 ;
in:6 out:6 type:B dur:2 cpbdur:2 q:22.78 aq:19.44 tex:2160 mv:1033 misc:727 imb:0 pmb:150 smb:1470 d:- ref:0 ;
in:5 out:7 type:b dur:2 cpbdur:2 q:22.83 aq:16.53 tex:157 mv:124 misc:247 imb:0 pmb:19 smb:1601 d:- ref:0 ;
in:7 out:8 type:b dur:2 cpbdur:2 q:22.74 aq:16.20 tex:189 mv:94 misc:261 imb:0 pmb:15 smb:1605 d:- ref:0 ;
in:12 out:9 type:P dur:2 cpbdur:2 q:22.27 aq:13.28 tex:41053 mv:2644 misc:1295 imb:11 pmb:597 smb:1012 d:- ref:0 ;
in:10 out:10 type:B dur:2 cpbdur:2 q:22.48 aq:18.35 tex:3412 mv:1427 misc:857 imb:0 pmb:224 smb:1396 d:- ref:0 ;
in:9 out:11 type:b dur:2 cpbdur:2 q:22.58 aq:13.93 tex:412 mv:638 misc:390 imb:0 pmb:74 smb:1546 d:- ref:0 ;
in:11 out:12 type:b dur:2 cpbdur:2 q:22.37 aq:12.55 tex:203 mv:90 misc:267 imb:0 pmb:17 smb:1603 d:- ref:0 ;
in:14 out:13 type:P dur:2 cpbdur:2 q:21.84 aq:13.17 tex:36097 mv:2134 misc:1281 imb:18 pmb:524 smb:1078 d:- ref:0 ;
in:13 out:14 type:b dur:2 cpbdur:2 q:22.05 aq:12.03 tex:524 mv:583 misc:437 imb:0 pmb:73 smb:1547 d:- ref:0 ;
in:16 out:15 type:P dur:2 cpbdur:2 q:21.63 aq:13.27 tex:29496 mv:1739 misc:1373 imb:9 pmb:542 smb:1069 d:- ref:0 ;
in:15 out:16 type:b dur:2 cpbdur:2 q:21.74 aq:8.05 tex:43 mv:53 misc:224 imb:0 pmb:9 smb:1611 d:- ref:0 ;
in:20 out:17 type:P dur:2 cpbdur:2 q:21.41 aq:12.60 tex:42322 mv:2709 misc:1433 imb:30 pmb:708 smb:882 d:- ref:0 ;
in:18 out:18 type:B dur:2 cpbdur:2 q:21.52 aq:17.35 tex:2958 mv:1068 misc:878 imb:0 pmb:207 smb:1413 d:- ref:0 ;
in:17 out:19 type:b dur:2 cpbdur:2 q:21.58 aq:13.67 tex:167 mv:68 misc:261 imb:0 pmb:14 smb:1606 d:- ref:0 ;
in:19 out:20 type:b dur:2 cpbdur:2 q:21.46 aq:9.78 tex:176 mv:144 misc:288 imb:0 pmb:26 smb:1594 d:- ref:0 ;
in:24 out:21 type:P dur:2 cpbdur:2 q:20.93 aq:12.57 tex:84447 mv:3095 misc:1434 imb:24 pmb:713 smb:883 d:- ref:0 ;
in:22 out:22 type:B dur:2 cpbdur:2 q:21.17 aq:17.67 tex:4081 mv:1278 misc:1025 imb:0 pmb:270 smb:1350 d:- ref:0 ;
in:21 out:23 type:b dur:2 cpbdur:2 q:21.29 aq:12.41 tex:293 mv:237 misc:422 imb:0 pmb:67 smb:1553 d:- ref:0 ;
in:23 out:24 type:b dur:2 cpbdur:2 q:21.05 aq:13.20 tex:361 mv:211 misc:276 imb:0 pmb:24 smb:1596 d:- ref:0 ;
in:26 out:25 type:P dur:2 cpbdur:2 q:23.19 aq:14.39 tex:19882 mv:1633 misc:1213 imb:2 pmb:437 smb:1181 d:- ref:0 ;
in:25 out:26 type:b dur:2 cpbdur:2 q:22.06 aq:12.85 tex:335 mv:305 misc:368 imb:0 pmb:49 smb:1571 d:- ref:0 ;
in:28 out:27 type:P dur:2 cpbdur:2 q:18.96 aq:10.40 tex:86032 mv:1859 misc:1277 imb:8 pmb:1096 smb:516 d:- ref:0 ;
in:27 out:28 type:b dur:2 cpbdur:2 q:21.08 aq:7.75 tex:62 mv:31 misc:219 imb:0 pmb:6 smb:1614 d:- ref:0 ;
in:30 out:29 type:P dur:2 cpbdur:2 q:16.23 aq:8.15 tex:185801 mv:2013 misc:698 imb:8 pmb:1364 smb:248 d:- ref:0 ;
in:29 out:30 type:b dur:2 cpbdur:2 q:17.60 aq:14.01 tex:315 mv:259 misc:370 imb:0 pmb:40 smb:1580 d:- ref:0 ;
in:32 out:31 type:P dur:2 cpbdur:2 q:13.85 aq:5.90 tex:268980 mv:2551 misc:717 imb:19 pmb:1336 smb:265 d:- ref:0 ;
in:31 out:32 type:b dur:2 cpbdur:2 q:15.04 aq:6.20 tex:362 mv:208 misc:574 imb:0 pmb:82 smb:1538 d:- ref:0 ;
in:34 out:33 type:P dur:2 cpbdur:2 q:12.60 aq:4.76 tex:222962 mv:2221 misc:1033 imb:4 pmb:1231 smb:385 d:- ref:0 ;
in:33 out:34 type:b dur:2 cpbdur:2 q:13.22 aq:11.33 tex:2838 mv:558 misc:476 imb:0 pmb:73 smb:1547 d:- ref:0 ;
in:36 out:35 type:P dur:2 cpbdur:2 q:11.17 aq:3.52 tex:251511 mv:2100 misc:1053 imb:11 pmb:1215 smb:394 d:- ref:0 ;
in:35 out:36 type:b dur:2 cpbdur:2 q:11.88 aq:12.14 tex:979 mv:307 misc:546 imb:0 pmb:80 smb:1540 d:- ref:0 ;
in:40 out:37 type:P dur:2 cpbdur:2 q:10.33 aq:3.16 tex:175643 mv:1718 misc:1391 imb:14 pmb:1067 smb:539 d:- ref:0 ;
in:38 out:38 type:B dur:2 cpbdur:2 q:10.75 aq:8.16 tex:12401 mv:1214 misc:1081 imb:0 pmb:337 smb:1283 d:- ref:0 ;
in:37 out:39 type:b dur:2 cpbdur:2 q:10.96 aq:12.55 tex:326 mv:85 misc:317 imb:0 pmb:20 smb:1600 d:- ref:0 ;
in:39 out:40 type:b dur:2 cpbdur:2 q:10.54 aq:12.68 tex:707 mv:160 misc:421 imb:0 pmb:51 smb:1569 d:- ref:0 ;
in:42 out:41 type:P dur:2 cpbdur:2 q:8.79 aq:2.12 tex:214038 mv:1462 misc:1116 imb:36 pmb:1181 smb:403 d:- ref:0 ;
in:41 out:42 type:b dur:2 cpbdur:2 q:9.56 aq:1.65 tex:335 mv:85 misc:324 imb:0 pmb:22 smb:1598 d:- ref:0 ;
in:44 out:43 type:P dur:2 cpbdur:2 q:7.84 aq:1.52 tex:191666 mv:1465 misc:1245 imb:15 pmb:1132 smb:473 d:- ref:0 ;
in:43 out:44 type:b dur:2 cpbdur:2 q:8.32 aq:1.46 tex:942 mv:205 misc:629 imb:0 pmb:91 smb:1529 d:- ref:0 ;
in:46 out:45 type:P dur:2 cpbdur:2 q:7.73 aq:1.45 tex:154721 mv:2087 misc:1368 imb:24 pmb:1086 smb:510 d:- ref:0 ;
in:45 out:46 type:b dur:2 cpbdur:2 q:7.79 aq:2.42 tex:3653 mv:227 misc:592 imb:0 pmb:97 smb:1523 d:- ref:0 ;
in:48 out:47 type:P dur:2 cpbdur:2 q:6.95 aq:1.02 tex:227038 mv:2224 misc:1202 imb:27 pmb:1188 smb:405 d:- ref:0 ;
in:47 out:48 type:b dur:2 cpbdur:2 q:7.34 aq:1.35 tex:2665 mv:304 misc:1007 imb:0 pmb:212 smb:1408 d:- ref:0 ;
in:50 out:49 type:P dur:2 cpbdur:2 q:6.53 aq:0.81 tex:198214 mv:2350 misc:1348 imb:17 pmb:1076 smb:527 d:- ref:0 ;
in:49 out:50 type:b dur:2 cpbdur:2 q:6.74 aq:2.84 tex:8644 mv:618 misc:706 imb:0 pmb:148 smb:1472 d:- ref:0 ;
in:52 out:51 type:P dur:2 cpbdur:2 q:6.64 aq:0.76 tex:222582 mv:2233 misc:1417 imb:16 pmb:992 smb:612 d:- ref:0 ;
in:51 out:52 type:b dur:2 cpbdur:2 q:6.58 aq:2.29 tex:5304 mv:638 misc:634 imb:0 pmb:139 smb:1481 d:- ref:0 ;
in:54 out:53 type:P dur:2 cpbdur:2 q:7.35 aq:1.09 tex:167224 mv:1737 misc:1487 imb:8 pmb:858 smb:754 d:- ref:0 ;
in:53 out:54 type:b dur:2 cpbdur:2 q:6.99 aq:2.11 tex:3779 mv:342 misc:535 imb:0 pmb:82 smb:1538 d:- ref:0 ;
in:58 out:55 type:P dur:2 cpbdur:2 q:8.20 aq:1.51 tex:152497 mv:2151 misc:1448 imb:13 pmb:733 smb:874 d:- ref:0 ;
in:56 out:56 type:B dur:2 cpbdur:2 q:7.78 aq:2.76 tex:15977 mv:1071 misc:904 imb:0 pmb:257 smb:1363 d:- ref:0 ;
in:55 out:57 type:b dur:2 cpbdur:2 q:7.56 aq:2.76 tex:3011 mv:564 misc:689 imb:0 pmb:135 smb:1485 d:- ref:0 ;
in:57 out:58 type:b dur:2 cpbdur:2 q:7.99 aq:2.46 tex:817 mv:107 misc:380 imb:0 pmb:31 smb:1589 d:- ref:0 ;
in:62 out:59 type:P dur:2 cpbdur:2 q:8.73 aq:2.11 tex:1057931 mv:6567 misc:390 imb:237 pmb:1327 smb:56 d:- ref:0 ;
in:60 out:60 type:B dur:2 cpbdur:2 q:8.46 aq:7.54 tex:151279 mv:3413 misc:1428 imb:16 pmb:1034 smb:570 d:- ref:0 ;
in:59 out:61 type:b dur:2 cpbdur:2 q:8.33 aq:2.82 tex:4909 mv:467 misc:496 imb:0 pmb:110 smb:1510 d:- ref:0 ;
in:61 out:62 type:b dur:2 cpbdur:2 q:8.59 aq:6.39 tex:3871 mv:601 misc:984 imb:0 pmb:211 smb:1409 d:- ref:0 ;
in:64 out:63 type:P dur:2 cpbdur:2 q:9.91 aq:2.56 tex:440637 mv:5409 misc:746 imb:55 pmb:1344 smb:221 d:- ref:0 ;
in:63 out:64 type:b dur:2 cpbdur:2 q:9.32 aq:4.49 tex:6414 mv:596 misc:1102 imb:0 pmb:296 smb:1324 d:- ref:0 ;
in:66 out:65 type:P dur:2 cpbdur:2 q:10.27 aq:2.99 tex:175953 mv:2327 misc:1400 imb:6 pmb:1046 smb:568 d:- ref:0 ;
in:65 out:66 type:b dur:2 cpbdur:2 q:10.09 aq:4.47 tex:4238 mv:614 misc:588 imb:9 pmb:103 smb:1508 d:- ref:0 ;
in:70 out:67 type:P dur:2 cpbdur:2 q:10.23 aq:2.91 tex:211157 mv:2621 misc:1398 imb:13 pmb:1061 smb:546 d:- ref:0 ;
in:68 out:68 type:B dur:2 cpbdur:2 q:10.25 aq:8.41 tex:25807 mv:2620 misc:1573 imb:0 pmb:713 smb:907 d:- ref:0 ;
in:67 out:69 type:b dur:2 cpbdur:2 q:10.26 aq:8.33 tex:1372 mv:160 misc:404 imb:7 pmb:33 smb:1580 d:- ref:0 ;
in:69 out:70 type:b dur:2 cpbdur:2 q:10.24 aq:5.20 tex:2307 mv:447 misc:518 imb:7 pmb:66 smb:1547 d:- ref:0 ;
in:72 out:71 type:P dur:2 cpbdur:2 q:9.85 aq:2.44 tex:245510 mv:2500 misc:1254 imb:13 pmb:1136 smb:471 d:- ref:0 ;
in:71 out:72 type:b dur:2 cpbdur:2 q:10.04 aq:4.21 tex:1076 mv:291 misc:593 imb:6 pmb:78 smb:1536 d:- ref:0 ;
in:74 out:73 type:P dur:2 cpbdur:2 q:9.73 aq:2.47 tex:163553 mv:1789 misc:1482 imb:6 pmb:988 smb:626 d:- ref:0 ;
in:73 out:74 type:b dur:2 cpbdur:2 q:9.79 aq:4.60 tex:515 mv:238 misc:487 imb:4 pmb:53 smb:1563 d:- ref:0 ;
in:76 out:75 type:P dur:2 cpbdur:2 q:9.48 aq:2.20 tex:219633 mv:2109 misc:1362 imb:13 pmb:1040 smb:567 d:- ref:0 ;
in:75 out:76 type:b dur:2 cpbdur:2 q:9.61 aq:3.79 tex:1121 mv:328 misc:639 imb:0 pmb:120 smb:1500 d:- ref:0 ;
in:80 out:77 type:P dur:2 cpbdur:2 q:9.12 aq:2.00 tex:203238 mv:1933 misc:1397 imb:8 pmb:1059 smb:553 d:- ref:0 ;
in:78 out:78 type:B dur:2 cpbdur:2 q:9.30 aq:6.85 tex:19550 mv:1818 misc:1480 imb:0 pmb:572 smb:1048 d:- ref:0 ;
in:77 out:79 type:b dur:2 cpbdur:2 q:9.39 aq:4.53 tex:535 mv:61 misc:324 imb:0 pmb:23 smb:1597 d:- ref:0 ;
in:79 out:80 type:b dur:2 cpbdur:2 q:9.21 aq:5.86 tex:1097 mv:179 misc:420 imb:5 pmb:36 smb:1579 d:- ref:0 ;
in:82 out:81 type:P dur:2 cpbdur:2 q:8.27 aq:1.54 tex:148493 mv:936 misc:1371 imb:6 pmb:1060 smb:554 d:- ref:0 ;
in:81 out:82 type:b dur:2 cpbdur:2 q:8.70 aq:3.16 tex:788 mv:141 misc:359 imb:5 pmb:23 smb:1592 d:- ref:0 ;
in:84 out:83 type:P dur:2 cpbdur:2 q:8.67 aq:1.74 tex:98770 mv:948 misc:1618 imb:4 pmb:829 smb:787 d:- ref:0 ;
in:83 out:84 type:b dur:2 cpbdur:2 q:8.47 aq:2.25 tex:1291 mv:148 misc:369 imb:5 pmb:26 smb:1589 d:- ref:0 ;
in:86 out:85 type:P dur:2 cpbdur:2 q:8.43 aq:1.49 tex:103501 mv:1367 misc:1548 imb:5 pmb:880 smb:735 d:- ref:0 ;
in:85 out:86 type:b dur:2 cpbdur:2 q:8.55 aq:3.01 tex:1527 mv:226 misc:423 imb:6 pmb:35 smb:1579 d:- ref:0 ;
in:88 out:87 type:P dur:2 cpbdur:2 q:8.35 aq:1.39 tex:125923 mv:1393 misc:1492 imb:4 pmb:948 smb:668 d:- ref:0 ;
in:87 out:88 type:b dur:2 cpbdur:2 q:8.39 aq:2.33 tex:1345 mv:267 misc:452 imb:8 pmb:45 smb:1567 d:- ref:0 ;
in:90 out:89 type:P dur:2 cpbdur:2 q:8.15 aq:1.33 tex:113445 mv:1304 misc:1491 imb:4 pmb:932 smb:684 d:- ref:0 ;
in:89 out:90 type:b dur:2 cpbdur:2 q:8.25 aq:1.79 tex:1171 mv:90 misc:355 imb:3 pmb:24 smb:1593 d:- ref:0 ;
in:92 out:91 type:P dur:2 cpbdur:2 q:8.07 aq:1.34 tex:131555 mv:1313 misc:1516 imb:9 pmb:919 smb:692 d:- ref:0 ;
in:91 out:92 type:b dur:2 cpbdur:2 q:8.11 aq:2.63 tex:1945 mv:156 misc:419 imb:5 pmb:36 smb:1579 d:- ref:0 ;
in:96 out:93 type:P dur:2 cpbdur:2 q:7.88 aq:1.29 tex:128698 mv:1603 misc:1539 imb:13 pmb:885 smb:722 d:- ref:0 ;
in:94 out:94 type:B dur:2 cpbdur:2 q:7.98 aq:5.03 tex:17618 mv:1263 misc:1351 imb:0 pmb:439 smb:1181 d:- ref:0 ;
in:93 out:95 type:b dur:2 cpbdur:2 q:8.02 aq:3.60 tex:1288 mv:89 misc:399 imb:1 pmb:35 smb:1584 d:- ref:0 ;
in:95 out:96 type:b dur:2 cpbdur:2 q:7.93 aq:2.57 tex:1497 mv:308 misc:587 imb:7 pmb:72 smb:1541 d:- ref:0 ;
in:100 out:97 type:P dur:2 cpbdur:2 q:7.62 aq:1.18 tex:172800 mv:2356 misc:1476 imb:12 pmb:800 smb:808 d:- ref:0 ;
in:98 out:98 type:B dur:2 cpbdur:2 q:7.75 aq:3.18 tex:25106 mv:1471 misc:839 imb:8 pmb:244 smb:1368 d:- ref:0 ;
in:97 out:99 type:b dur:2 cpbdur:2 q:7.81 aq:3.16 tex:2867 mv:343 misc:574 imb:0 pmb:81 smb:1539 d:- ref:0 ;
in:99 out:100 type:b dur:2 cpbdur:2 q:7.69 aq:3.45 tex:4965 mv:744 misc:635 imb:0 pmb:137 smb:1483 d:- ref:0 ;
in:102 out:101 type:P dur:2 cpbdur:2 q:7.49 aq:1.23 tex:173770 mv:2271 misc:1487 imb:15 pmb:762 smb:843 d:- ref:0 ;
in:101 out:102 type:b dur:2 cpbdur:2 q:7.56 aq:3.67 tex:7855 mv:1006 misc:603 imb:7 pmb:125 smb:1488 d:- ref:0 ;
in:104 out:103 type:P dur:2 cpbdur:2 q:7.33 aq:1.11 tex:175581 mv:2226 misc:1441 imb:18 pmb:732 smb:870 d:- ref:0 ;
in:103 out:104 type:b dur:2 cpbdur:2 q:7.41 aq:2.16 tex:2127 mv:187 misc:502 imb:0 pmb:56 smb:1564 d:- ref:0 ;
in:108 out:105 type:P dur:2 cpbdur:2 q:7.29 aq:1.21 tex:129318 mv:1718 misc:1428 imb:6 pmb:686 smb:928 d:- ref:0 ;
in:106 out:106 type:B dur:2 cpbdur:2 q:7.31 aq:3.02 tex:30638 mv:1381 misc:933 imb:0 pmb:356 smb:1264 d:- ref:0 ;
in:105 out:107 type:b dur:2 cpbdur:2 q:7.32 aq:2.80 tex:2003 mv:111 misc:534 imb:0 pmb:62 smb:1558 d:- ref:0 ;
in:107 out:108 type:b dur:2 cpbdur:2 q:7.30 aq:3.10 tex:3491 mv:362 misc:603 imb:7 pmb:80 smb:1533 d:- ref:0 ;
in:110 out:109 type:P dur:2 cpbdur:2 q:6.70 aq:1.06 tex:100239 mv:1264 misc:1513 imb:3 pmb:681 smb:936 d:- ref:0 ;
in:109 out:110 type:b dur:2 cpbdur:2 q:6.99 aq:2.70 tex:2683 mv:337 misc:596 imb:5 pmb:84 smb:1531 d:- ref:0 ;
in:112 out:111 type:P dur:2 cpbdur:2 q:6.44 aq:1.22 tex:78085 mv:1151 misc:1508 imb:5 pmb:655 smb:960 d:- ref:0 ;
in:111 out:112 type:b dur:2 cpbdur:2 q:6.57 aq:2.17 tex:2917 mv:223 misc:612 imb:5 pmb:76 smb:1539 d:- ref:0 ;
in:116 out:113 type:P dur:2 cpbdur:2 q:6.18 aq:1.32 tex:109368 mv:1596 misc:1324 imb:12 pmb:607 smb:1001 d:- ref:0 ;
in:114 out:114 type:B dur:2 cpbdur:2 q:6.31 aq:3.22 tex:24895 mv:1191 misc:1010 imb:0 pmb:373 smb:1247 d:- ref:0 ;
in:113 out:115 type:b dur:2 cpbdur:2 q:6.38 aq:1.88 tex:3606 mv:304 misc:666 imb:5 pmb:95 smb:1520 d:- ref:0 ;
in:115 out:116 type:b dur:2 cpbdur:2 q:6.25 aq:1.78 tex:3024 mv:150 misc:594 imb:0 pmb:77 smb:1543 d:- ref:0 ;
in:120 out:117 type:P dur:2 cpbdur:2 q:5.67 aq:3.32 tex:945622 mv:5468 misc:390 imb:246 pmb:1323 smb:51 d:- ref:0 ;
in:118 out:118 type:B dur:2 cpbdur:2 q:5.93 aq:2.37 tex:67514 mv:1186 misc:1156 imb:2 pmb:473 smb:1145 d:- ref:0 ;
in:117 out:119 type:b dur:2 cpbdur:2 q:6.05 aq:2.71 tex:4484 mv:251 misc:721 imb:0 pmb:113 smb:1507 d:- ref:0 ;
in:119 out:120 type:b dur:2 cpbdur:2 q:5.80 aq:2.91 tex:19006 mv:775 misc:835 imb:0 pmb:226 smb:1394 d:- ref:0 ;
in:122 out:121 type:P dur:2 cpbdur:2 q:5.66 aq:3.21 tex:437707 mv:4354 misc:1075 imb:398 pmb:413 smb:809 d:- ref:0 ;
in:121 out:122 type:b dur:2 cpbdur:2 q:5.67 aq:4.52 tex:18134 mv:684 misc:1278 imb:0 pmb:386 smb:1234 d:- ref:0 ;
in:126 out:123 type:P dur:2 cpbdur:2 q:6.14 aq:0.90 tex:907990 mv:10182 misc:500 imb:988 pmb:384 smb:248 d:- ref:0 ;
in:124 out:124 type:B dur:2 cpbdur:2 q:5.90 aq:2.90 tex:119883 mv:2856 misc:1365 imb:2 pmb:567 smb:1051 d:- ref:0 ;
in:123 out:125 type:b dur:2 cpbdur:2 q:5.78 aq:4.73 tex:4524 mv:397 misc:679 imb:0 pmb:136 smb:1484 d:- ref:0 ;
in:125 out:126 type:b dur:2 cpbdur:2 q:6.02 aq:2.98 tex:3753 mv:594 misc:893 imb:0 pmb:175 smb:1445 d:- ref:0 ;
in:130 out:127 type:P dur:2 cpbdur:2 q:7.14 aq:1.74 tex:284303 mv:5526 misc:1211 imb:80 pmb:926 smb:614 d:- ref:0 ;
in:128 out:128 type:B dur:2 cpbdur:2 q:6.64 aq:3.44 tex:51215 mv:2591 misc:1418 imb:1 pmb:742 smb:877 d:- ref:0 ;
in:127 out:129 type:b dur:2 cpbdur:2 q:6.39 aq:4.26 tex:3542 mv:552 misc:1058 imb:0 pmb:250 smb:1370 d:- ref:0 ;
in:129 out:130 type:b dur:2 cpbdur:2 q:6.89 aq:4.05 tex:9502 mv:647 misc:1107 imb:0 pmb:310 smb:1310 d:- ref:0 ;
in:132 out:131 type:P dur:2 cpbdur:2 q:7.20 aq:1.96 tex:229635 mv:3708 misc:1257 imb:28 pmb:939 smb:653 d:- ref:0 ;
in:131 out:132 type:b dur:2 cpbdur:2 q:7.17 aq:5.21 tex:14092 mv:879 misc:1301 imb:0 pmb:444 smb:1176 d:- ref:0 ;
in:134 out:133 type:P dur:2 cpbdur:2 q:7.10 aq:2.31 tex:162735 mv:2788 misc:1333 imb:15 pmb:866 smb:739 d:- ref:0 ;
in:133 out:134 type:b dur:2 cpbdur:2 q:7.15 aq:3.56 tex:8366 mv:583 misc:1235 imb:0 pmb:341 smb:1279 d:- ref:0 ;
in:136 out:135 type:P dur:2 cpbdur:2 q:6.94 aq:2.60 tex:161167 mv:2782 misc:1331 imb:15 pmb:818 smb:787 d:- ref:0 ;
in:135 out:136 type:b dur:2 cpbdur:2 q:7.02 aq:4.37 tex:12848 mv:852 misc:1052 imb:0 pmb:305 smb:1315 d:- ref:0 ;
in:138 out:137 type:P dur:2 cpbdur:2 q:6.80 aq:2.90 tex:208132 mv:4412 misc:1280 imb:41 pmb:1028 smb:551 d:- ref:0 ;
in:137 out:138 type:b dur:2 cpbdur:2 q:6.87 aq:4.58 tex:27512 mv:1992 misc:1352 imb:0 pmb:501 smb:1119 d:- ref:0 ;
in:141 out:139 type:P dur:2 cpbdur:2 q:6.62 aq:5.54 tex:160189 mv:4751 misc:1348 imb:64 pmb:945 smb:611 d:- ref:0 ;
in:139 out:140 type:B dur:2 cpbdur:2 q:6.74 aq:6.31 tex:33564 mv:1961 misc:1507 imb:1 pmb:612 smb:1007 d:- ref:0 ;
in:140 out:141 type:b dur:2 cpbdur:2 q:6.68 aq:5.50 tex:17465 mv:1507 misc:1276 imb:6 pmb:438 smb:1176 d:- ref:0 ;
in:142 out:142 type:P dur:2 cpbdur:2 q:7.09 aq:2.59 tex:429884 mv:10799 misc:373 imb:1393 pmb:153 smb:74 d:- ref:0 ;
in:145 out:143 type:P dur:2 cpbdur:2 q:7.35 aq:0.18 tex:35080 mv:2310 misc:338 imb:1490 pmb:45 smb:85 d:- ref:0 ;
in:143 out:144 type:B dur:2 cpbdur:2 q:7.18 aq:1.85 tex:23527 mv:793 misc:464 imb:37 pmb:91 smb:1492 d:- ref:0 ;
in:144 out:145 type:b dur:2 cpbdur:2 q:7.26 aq:0.50 tex:7894 mv:252 misc:326 imb:4 pmb:41 smb:1575 d:- ref:0 ;
in:146 out:146 type:P dur:2 cpbdur:2 q:7.03 aq:0.38 tex:10311 mv:382 misc:371 imb:12 pmb:37 smb:1571 d:- ref:0 ;
in:147 out:147 type:I dur:2 cpbdur:2 q:4.06 aq:0.47 tex:319884 mv:16880 misc:124 imb:1620 pmb:0 smb:0 d:- ref:;
in:150 out:148 type:P dur:2 cpbdur:2 q:8.53 aq:2.09 tex:83419 mv:2553 misc:836 imb:258 pmb:324 smb:1038 d:- ref:0 ;
in:148 out:149 type:B dur:2 cpbdur:2 q:8.53 aq:2.31 tex:9206 mv:997 misc:813 imb:18 pmb:212 smb:1390 d:- ref:0 ;
in:149 out:150 type:b dur:2 cpbdur:2 q:8.53 aq:2.27 tex:2488 mv:526 misc:682 imb:11 pmb:132 smb:1477 d:- ref:0 ;
in:152 out:151 type:P dur:2 cpbdur:2 q:8.02 aq:3.22 tex:667091 mv:6643 misc:538 imb:1109 pmb:308 smb:203 d:- ref:0 ;
in:151 out:152 type:b dur:2 cpbdur:2 q:8.28 aq:1.52 tex:6956 mv:1155 misc:721 imb:55 pmb:174 smb:1391 d:- ref:0 ;
in:154 out:153 type:P dur:2 cpbdur:2 q:8.42 aq:4.37 tex:427433 mv:5663 misc:912 imb:325 pmb:758 smb:537 d:- ref:0 ;
in:153 out:154 type:b dur:2 cpbdur:2 q:8.22 aq:5.60 tex:1764 mv:311 misc:877 imb:0 pmb:211 smb:1409 d:- ref:0 ;
in:158 out:155 type:P dur:2 cpbdur:2 q:8.53 aq:4.35 tex:207981 mv:3249 misc:1058 imb:183 pmb:522 smb:915 d:- ref:0 ;
in:156 out:156 type:B dur:2 cpbdur:2 q:8.47 aq:6.09 tex:18064 mv:1142 misc:1186 imb:2 pmb:374 smb:1244 d:- ref:0 ;
in:155 out:157 type:b dur:2 cpbdur:2 q:8.45 aq:5.61 tex:716 mv:73 misc:379 imb:0 pmb:30 smb:1590 d:- ref:0 ;
in:157 out:158 type:b dur:2 cpbdur:2 q:8.50 aq:6.67 tex:1916 mv:366 misc:726 imb:0 pmb:144 smb:1476 d:- ref:0 ;
in:161 out:159 type:P dur:2 cpbdur:2 q:8.35 aq:7.37 tex:469516 mv:6737 misc:1107 imb:694 pmb:361 smb:565 d:- ref:0 ;
in:159 out:160 type:B dur:2 cpbdur:2 q:8.47 aq:5.54 tex:22156 mv:1244 misc:1160 imb:2 pmb:428 smb:1190 d:- ref:0 ;
in:160 out:161 type:b dur:2 cpbdur:2 q:8.41 aq:5.83 tex:2267 mv:219 misc:506 imb:0 pmb:77 smb:1543 d:- ref:0 ;
in:163 out:162 type:P dur:2 cpbdur:2 q:8.75 aq:2.96 tex:1232300 mv:12141 misc:303 imb:1009 pmb:572 smb:39 d:- ref:0 ;
in:162 out:163 type:b dur:2 cpbdur:2 q:8.55 aq:8.40 tex:288994 mv:8334 misc:528 imb:73 pmb:1404 smb:143 d:- ref:0 ;
in:166 out:164 type:P dur:2 cpbdur:2 q:9.89 aq:2.98 tex:665584 mv:10002 misc:398 imb:190 pmb:1369 smb:61 d:- ref:0 ;
in:164 out:165 type:B dur:2 cpbdur:2 q:9.13 aq:8.13 tex:73085 mv:6166 misc:1437 imb:13 pmb:1003 smb:604 d:- ref:0 ;
in:165 out:166 type:b dur:2 cpbdur:2 q:9.51 aq:9.02 tex:19895 mv:3431 misc:1442 imb:2 pmb:650 smb:968 d:- ref:0 ;
in:168 out:167 type:P dur:2 cpbdur:2 q:9.85 aq:2.94 tex:305406 mv:4096 misc:978 imb:48 pmb:1248 smb:324 d:- ref:0 ;
in:167 out:168 type:b dur:2 cpbdur:2 q:9.87 aq:6.49 tex:5417 mv:742 misc:1041 imb:0 pmb:254 smb:1366 d:- ref:0 ;
in:170 out:169 type:P dur:2 cpbdur:2 q:9.76 aq:2.84 tex:225048 mv:3388 misc:1316 imb:60 pmb:1104 smb:456 d:- ref:0 ;
in:169 out:170 type:b dur:2 cpbdur:2 q:9.81 aq:5.02 tex:4631 mv:589 misc:1012 imb:0 pmb:242 smb:1378 d:- ref:0 ;
in:172 out:171 type:P dur:2 cpbdur:2 q:8.60 aq:1.99 tex:486069 mv:5601 misc:714 imb:35 pmb:1336 smb:249 d:- ref:0 ;
in:171 out:172 type:b dur:2 cpbdur:2 q:9.18 aq:4.76 tex:13304 mv:1957 misc:1171 imb:7 pmb:354 smb:1259 d:- ref:0 ;
in:174 out:173 type:P dur:2 cpbdur:2 q:8.56 aq:1.93 tex:359313 mv:4825 misc:838 imb:32 pmb:1294 smb:294 d:- ref:0 ;
in:173 out:174 type:b dur:2 cpbdur:2 q:8.58 aq:4.48 tex:7752 mv:832 misc:1128 imb:7 pmb:313 smb:1300 d:- ref:0 ;
in:176 out:175 type:P dur:2 cpbdur:2 q:8.62 aq:1.79 tex:399525 mv:4851 misc:976 imb:18 pmb:1214 smb:388 d:- ref:0 ;
in:175 out:176 type:b dur:2 cpbdur:2 q:8.59 aq:5.14 tex:23000 mv:2306 misc:1318 imb:7 pmb:479 smb:1134 d:- ref:0 ;
in:178 out:177 type:P dur:2 cpbdur:2 q:8.56 aq:1.66 tex:345226 mv:3814 misc:1000 imb:24 pmb:1232 smb:364 d:- ref:0 ;
in:177 out:178 type:b dur:2 cpbdur:2 q:8.59 aq:4.51 tex:3520 mv:791 misc:1201 imb:7 pmb:286 smb:1327 d:- ref:0 ;
in:180 out:179 type:P dur:2 cpbdur:2 q:8.46 aq:1.61 tex:309284 mv:3190 misc:846 imb:21 pmb:1315 smb:284 d:- ref:0 ;
in:179 out:180 type:b dur:2 cpbdur:2 q:8.51 aq:4.01 tex:1781 mv:358 misc:1029 imb:2 pmb:250 smb:1368 d:- ref:0 ;
in:182 out:181 type:P dur:2 cpbdur:2 q:8.32 aq:1.44 tex:404042 mv:4087 misc:743 imb:35 pmb:1321 smb:264 d:- ref:0 ;
in:181 out:182 type:b dur:2 cpbdur:2 q:8.39 aq:4.80 tex:4082 mv:992 misc:1278 imb:2 pmb:362 smb:1256 d:- ref:0 ;
in:184 out:183 type:P dur:2 cpbdur:2 q:8.30 aq:1.42 tex:230772 mv:2398 misc:1102 imb:17 pmb:1231 smb:372 d:- ref:0 ;
in:183 out:184 type:b dur:2 cpbdur:2 q:8.31 aq:5.51 tex:1413 mv:464 misc:1051 imb:3 pmb:253 smb:1364 d:- ref:0 ;
in:188 out:185 type:P dur:2 cpbdur:2 q:7.92 aq:1.27 tex:296931 mv:3542 misc:1135 imb:40 pmb:1202 smb:378 d:- ref:0 ;
in:186 out:186 type:B dur:2 cpbdur:2 q:8.11 aq:3.56 tex:33066 mv:2121 misc:1405 imb:5 pmb:656 smb:959 d:- ref:0 ;
in:185 out:187 type:b dur:2 cpbdur:2 q:8.20 aq:3.51 tex:2564 mv:463 misc:1045 imb:0 pmb:244 smb:1376 d:- ref:0 ;
in:187 out:188 type:b dur:2 cpbdur:2 q:8.01 aq:3.82 tex:10048 mv:1203 misc:581 imb:0 pmb:175 smb:1445 d:- ref:0 ;
in:190 out:189 type:P dur:2 cpbdur:2 q:8.11 aq:1.26 tex:177704 mv:2256 misc:1368 imb:25 pmb:1093 smb:502 d:- ref:0 ;
in:189 out:190 type:b dur:2 cpbdur:2 q:8.01 aq:3.92 tex:3300 mv:513 misc:931 imb:3 pmb:177 smb:1440 d:- ref:0 ;
in:192 out:191 type:P dur:2 cpbdur:2 q:8.12 aq:1.25 tex:214313 mv:2836 misc:1395 imb:15 pmb:976 smb:629 d:- ref:0 ;
in:191 out:192 type:b dur:2 cpbdur:2 q:8.11 aq:4.48 tex:7676 mv:904 misc:756 imb:3 pmb:171 smb:1446 d:- ref:0 ;
in:194 out:193 type:P dur:2 cpbdur:2 q:8.16 aq:1.18 tex:158983 mv:2028 misc:1413 imb:12 pmb:854 smb:754 d:- ref:0 ;
in:193 out:194 type:b dur:2 cpbdur:2 q:8.14 aq:3.37 tex:1569 mv:333 misc:498 imb:0 pmb:69 smb:1551 d:- ref:0 ;
in:198 out:195 type:P dur:2 cpbdur:2 q:8.35 aq:1.37 tex:199741 mv:2768 misc:1315 imb:21 pmb:858 smb:741 d:- ref:0 ;
in:196 out:196 type:B dur:2 cpbdur:2 q:8.26 aq:5.79 tex:37486 mv:2447 misc:1203 imb:4 pmb:526 smb:1090 d:- ref:0 ;
in:195 out:197 type:b dur:2 cpbdur:2 q:8.21 aq:3.76 tex:2230 mv:407 misc:603 imb:0 pmb:97 smb:1523 d:- ref:0 ;
in:197 out:198 type:b dur:2 cpbdur:2 q:8.31 aq:4.57 tex:4530 mv:670 misc:608 imb:0 pmb:127 smb:1493 d:- ref:0 ;
in:200 out:199 type:P dur:2 cpbdur:2 q:8.52 aq:1.43 tex:121249 mv:1648 misc:1439 imb:22 pmb:740 smb:858 d:- ref:0 ;
in:199 out:200 type:b dur:2 cpbdur:2 q:8.44 aq:2.83 tex:744 mv:85 misc:363 imb:0 pmb:27 smb:1593 d:- ref:0 ;
in:202 out:201 type:P dur:2 cpbdur:2 q:8.59 aq:1.57 tex:280491 mv:3804 misc:1353 imb:37 pmb:807 smb:776 d:- ref:0 ;
in:201 out:202 type:b dur:2 cpbdur:2 q:8.56 aq:5.32 tex:4975 mv:830 misc:643 imb:3 pmb:172 smb:1445 d:- ref:0 ;
in:204 out:203 type:P dur:2 cpbdur:2 q:8.94 aq:1.41 tex:218146 mv:3286 misc:1256 imb:31 pmb:791 smb:798 d:- ref:0 ;
in:203 out:204 type:b dur:2 cpbdur:2 q:8.77 aq:4.12 tex:2589 mv:316 misc:511 imb:3 pmb:72 smb:1545 d:- ref:0 ;
in:206 out:205 type:P dur:2 cpbdur:2 q:9.09 aq:1.71 tex:80389 mv:1138 misc:1441 imb:18 pmb:681 smb:921 d:- ref:0 ;
in:205 out:206 type:b dur:2 cpbdur:2 q:9.01 aq:4.99 tex:966 mv:173 misc:445 imb:3 pmb:43 smb:1574 d:- ref:0 ;
in:208 out:207 type:P dur:2 cpbdur:2 q:9.06 aq:1.99 tex:110700 mv:2066 misc:1282 imb:11 pmb:623 smb:986 d:- ref:0 ;
in:207 out:208 type:b dur:2 cpbdur:2 q:9.07 aq:4.75 tex:4178 mv:541 misc:529 imb:3 pmb:95 smb:1522 d:- ref:0 ;
in:210 out:209 type:P dur:2 cpbdur:2 q:9.09 aq:1.92 tex:94984 mv:1661 misc:1227 imb:10 pmb:569 smb:1041 d:- ref:0 ;
in:209 out:210 type:b dur:2 cpbdur:2 q:9.08 aq:2.06 tex:691 mv:174 misc:383 imb:3 pmb:34 smb:1583 d:- ref:0 ;
in:212 out:211 type:P dur:2 cpbdur:2 q:8.94 aq:2.67 tex:304479 mv:4288 misc:1089 imb:35 pmb:1192 smb:393 d:- ref:0 ;
in:211 out:212 type:b dur:2 cpbdur:2 q:9.02 aq:4.09 tex:1938 mv:558 misc:920 imb:0 pmb:208 smb:1412 d:- ref:0 ;
in:214 out:213 type:P dur:2 cpbdur:2 q:8.92 aq:2.66 tex:543166 mv:6296 misc:530 imb:107 pmb:1334 smb:179 d:- ref:0 ;
in:213 out:214 type:b dur:2 cpbdur:2 q:8.93 aq:6.60 tex:7731 mv:1076 misc:1273 imb:0 pmb:391 smb:1229 d:- ref:0 ;
in:216 out:215 type:P dur:2 cpbdur:2 q:9.01 aq:2.90 tex:163951 mv:2122 misc:1207 imb:8 pmb:1108 smb:504 d:- ref:0 ;
in:215 out:216 type:b dur:2 cpbdur:2 q:8.97 aq:5.01 tex:3523 mv:268 misc:865 imb:0 pmb:188 smb:1432 d:- ref:0 ;
in:218 out:217 type:P dur:2 cpbdur:2 q:8.92 aq:3.10 tex:167325 mv:2334 misc:1445 imb:28 pmb:926 smb:666 d:- ref:0 ;
in:217 out:218 type:b dur:2 cpbdur:2 q:8.97 aq:4.35 tex:7790 mv:822 misc:700 imb:0 pmb:169 smb:1451 d:- ref:0 ;
in:222 out:219 type:P dur:2 cpbdur:2 q:8.86 aq:3.32 tex:1018371 mv:5581 misc:400 imb:193 pmb:1341 smb:86 d:- ref:0 ;
in:220 out:220 type:B dur:2 cpbdur:2 q:8.89 aq:5.87 tex:53561 mv:1362 misc:1381 imb:2 pmb:542 smb:1076 d:- ref:0 ;
in:219 out:221 type:b dur:2 cpbdur:2 q:8.91 aq:4.23 tex:1463 mv:235 misc:374 imb:0 pmb:46 smb:1574 d:- ref:0 ;
in:221 out:222 type:b dur:2 cpbdur:2 q:8.87 aq:6.04 tex:9489 mv:733 misc:738 imb:0 pmb:194 smb:1426 d:- ref:0 ;
in:226 out:223 type:P dur:2 cpbdur:2 q:8.83 aq:4.42 tex:135612 mv:2605 misc:1495 imb:13 pmb:940 smb:667 d:- ref:0 ;
in:224 out:224 type:B dur:2 cpbdur:2 q:8.84 aq:6.44 tex:22607 mv:2419 misc:1094 imb:0 pmb:433 smb:1187 d:- ref:0 ;
in:223 out:225 type:b dur:2 cpbdur:2 q:8.85 aq:5.31 tex:2142 mv:521 misc:633 imb:0 pmb:94 smb:1526 d:- ref:0 ;
in:225 out:226 type:b dur:2 cpbdur:2 q:8.84 aq:5.07 tex:933 mv:120 misc:371 imb:0 pmb:34 smb:1586 d:- ref:0 ;
in:230 out:227 type:P dur:2 cpbdur:2 q:8.41 aq:5.58 tex:39516 mv:1620 misc:856 imb:12 pmb:281 smb:1327 d:- ref:0 ;
in:228 out:228 type:B dur:2 cpbdur:2 q:8.62 aq:6.50 tex:17739 mv:1177 misc:740 imb:0 pmb:235 smb:1385 d:- ref:0 ;
in:227 out:229 type:b dur:2 cpbdur:2 q:8.72 aq:5.44 tex:3991 mv:687 misc:530 imb:0 pmb:119 smb:1501 d:- ref:0 ;
in:229 out:230 type:b dur:2 cpbdur:2 q:8.52 aq:8.80 tex:2862 mv:233 misc:521 imb:0 pmb:70 smb:1550 d:- ref:0 ;
in:231 out:231 type:P dur:2 cpbdur:2 q:8.25 aq:7.97 tex:5353 mv:378 misc:645 imb:0 pmb:118 smb:1502 d:- ref:0 ;
in:232 out:232 type:P dur:2 cpbdur:2 q:8.17 aq:6.61 tex:624169 mv:9741 misc:282 imb:1503 pmb:117 smb:0 d:- ref:0 w:0,1,-8,7,118,9,115,14 ;
in:233 out:233 type:P dur:2 cpbdur:2 q:8.41 aq:6.98 tex:678600 mv:10540 misc:228 imb:1457 pmb:163 smb:0 d:- ref:0 ;
in:234 out:234 type:I dur:2 cpbdur:2 q:5.74 aq:3.73 tex:725714 mv:49342 misc:184 imb:1620 pmb:0 smb:0 d:- ref:;
in:235 out:235 type:P dur:2 cpbdur:2 q:9.42 aq:4.49 tex:985167 mv:10558 misc:259 imb:1419 pmb:198 smb:3 d:- ref:0 ;
in:239 out:236 type:P dur:2 cpbdur:2 q:9.87 aq:3.99 tex:1023632 mv:13298 misc:366 imb:870 pmb:654 smb:96 d:- ref:0 ;
in:237 out:237 type:B dur:2 cpbdur:2 q:9.65 aq:5.42 tex:69878 mv:1952 misc:1194 imb:28 pmb:469 smb:1123 d:- ref:0 ;
in:236 out:238 type:b dur:2 cpbdur:2 q:9.53 aq:8.26 tex:1766 mv:137 misc:489 imb:0 pmb:83 smb:1537 d:- ref:0 ;
in:238 out:239 type:b dur:2 cpbdur:2 q:9.76 aq:7.66 tex:9762 mv:423 misc:679 imb:3 pmb:168 smb:1449 d:- ref:0 ;
in:242 out:240 type:P dur:2 cpbdur:2 q:10.46 aq:4.07 tex:706142 mv:11324 misc:494 imb:149 pmb:1306 smb:165 d:- ref:0 ;
in:240 out:241 type:B dur:2 cpbdur:2 q:10.07 aq:8.75 tex:128000 mv:8548 misc:972 imb:7 pmb:1234 smb:379 d:- ref:0 ;
in:241 out:242 type:b dur:2 cpbdur:2 q:10.26 aq:5.87 tex:1912 mv:479 misc:1193 imb:0 pmb:316 smb:1304 d:- ref:0 ;
in:244 out:243 type:P dur:2 cpbdur:2 q:11.23 aq:4.16 tex:476539 mv:7653 misc:648 imb:91 pmb:1249 smb:280 d:- ref:0 ;
in:243 out:244 type:b dur:2 cpbdur:2 q:10.84 aq:4.84 tex:3841 mv:709 misc:1042 imb:0 pmb:287 smb:1333 d:- ref:0 ;
in:246 out:245 type:P dur:2 cpbdur:2 q:11.29 aq:4.01 tex:387544 mv:5952 misc:896 imb:65 pmb:1233 smb:322 d:- ref:0 ;
in:245 out:246 type:b dur:2 cpbdur:2 q:11.26 aq:6.02 tex:1324 mv:468 misc:1192 imb:0 pmb:308 smb:1312 d:- ref:0 ;
in:248 out:247 type:P dur:2 cpbdur:2 q:11.32 aq:3.74 tex:388230 mv:5921 misc:929 imb:47 pmb:1192 smb:381 d:- ref:0 ;
in:247 out:248 type:b dur:2 cpbdur:2 q:11.30 aq:8.15 tex:3764 mv:889 misc:1115 imb:0 pmb:294 smb:1326 d:- ref:0 ;
in:250 out:249 type:P dur:2 cpbdur:2 q:11.33 aq:3.68 tex:236627 mv:3308 misc:1113 imb:31 pmb:1128 smb:461 d:- ref:0 ;
in:249 out:250 type:b dur:2 cpbdur:2 q:11.32 aq:2.77 tex:1020 mv:331 misc:761 imb:0 pmb:175 smb:1445 d:- ref:0 ;
in:252 out:251 type:P dur:2 cpbdur:2 q:11.26 aq:3.59 tex:229577 mv:3522 misc:1213 imb:13 pmb:1074 smb:533 d:- ref:0 ;
in:251 out:252 type:b dur:2 cpbdur:2 q:11.30 aq:7.04 tex:1350 mv:563 misc:911 imb:0 pmb:195 smb:1425 d:- ref:0 ;
in:254 out:253 type:P dur:2 cpbdur:2 q:11.05 aq:3.61 tex:176307 mv:2714 misc:1387 imb:18 pmb:986 smb:616 d:- ref:0 ;
in:253 out:254 type:b dur:2 cpbdur:2 q:11.16 aq:6.77 tex:1298 mv:408 misc:918 imb:12 pmb:191 smb:1417 d:- ref:0 ;
in:256 out:255 type:P dur:2 cpbdur:2 q:10.93 aq:3.62 tex:177279 mv:2742 misc:1347 imb:15 pmb:971 smb:634 d:- ref:0 ;
in:255 out:256 type:b dur:2 cpbdur:2 q:10.99 aq:3.86 tex:1200 mv:398 misc:874 imb:5 pmb:180 smb:1435 d:- ref:0 ;
in:258 out:257 type:P dur:2 cpbdur:2 q:11.13 aq:3.60 tex:276925 mv:4452 misc:1111 imb:50 pmb:1118 smb:452 d:- ref:0 ;
in:257 out:258 type:b dur:2 cpbdur:2 q:11.03 aq:2.92 tex:959 mv:334 misc:739 imb:0 pmb:155 smb:1465 d:- ref:0 ;
in:260 out:259 type:P dur:2 cpbdur:2 q:11.04 aq:3.43 tex:301434 mv:3775 misc:927 imb:21 pmb:1156 smb:443 d:- ref:0 ;
in:259 out:260 type:b dur:2 cpbdur:2 q:11.08 aq:4.97 tex:2407 mv:812 misc:1029 imb:0 pmb:275 smb:1345 d:- ref:0 ;
in:262 out:261 type:P dur:2 cpbdur:2 q:11.17 aq:3.64 tex:288863 mv:3446 misc:939 imb:19 pmb:1161 smb:440 d:- ref:0 ;
in:261 out:262 type:b dur:2 cpbdur:2 q:11.11 aq:6.90 tex:2274 mv:841 misc:957 imb:0 pmb:257 smb:1363 d:- ref:0 ;
in:264 out:263 type:P dur:2 cpbdur:2 q:10.96 aq:3.49 tex:113690 mv:2148 misc:1370 imb:2 pmb:878 smb:740 d:- ref:0 ;
in:263 out:264 type:b dur:2 cpbdur:2 q:11.07 aq:3.86 tex:395 mv:193 misc:460 imb:0 pmb:68 smb:1552 d:- ref:0 ;
in:266 out:265 type:P dur:2 cpbdur:2 q:11.03 aq:3.70 tex:91846 mv:1813 misc:1501 imb:8 pmb:715 smb:897 d:- ref:0 ;
in:265 out:266 type:b dur:2 cpbdur:2 q:11.00 aq:5.44 tex:1193 mv:261 misc:386 imb:0 pmb:46 smb:1574 d:- ref:0 ;
in:268 out:267 type:P dur:2 cpbdur:2 q:10.94 aq:3.71 tex:145785 mv:2689 misc:1430 imb:8 pmb:835 smb:777 d:- ref:0 ;
in:267 out:268 type:b dur:2 cpbdur:2 q:10.98 aq:8.62 tex:747 mv:382 misc:575 imb:0 pmb:84 smb:1536 d:- ref:0 ;
in:270 out:269 type:P dur:2 cpbdur:2 q:10.89 aq:3.91 tex:126812 mv:2119 misc:1477 imb:4 pmb:837 smb:779 d:- ref:0 ;
in:269 out:270 type:b dur:2 cpbdur:2 q:10.91 aq:7.39 tex:991 mv:316 misc:653 imb:0 pmb:114 smb:1506 d:- ref:0 ;
in:272 out:271 type:P dur:2 cpbdur:2 q:10.88 aq:3.68 tex:311431 mv:4022 misc:1219 imb:28 pmb:1051 smb:541 d:- ref:0 ;
in:271 out:272 type:b dur:2 cpbdur:2 q:10.88 aq:5.98 tex:782 mv:346 misc:1000 imb:0 pmb:262 smb:1358 d:- ref:0 ;
in:274 out:273 type:P dur:2 cpbdur:2 q:11.02 aq:3.85 tex:240225 mv:3426 misc:1245 imb:4 pmb:1085 smb:531 d:- ref:0 ;
in:273 out:274 type:b dur:2 cpbdur:2 q:10.95 aq:5.16 tex:1772 mv:580 misc:992 imb:0 pmb:260 smb:1360 d:- ref:0 ;
in:276 out:275 type:P dur:2 cpbdur:2 q:11.05 aq:3.93 tex:171504 mv:2867 misc:1429 imb:6 pmb:891 smb:723 d:- ref:0 ;
in:275 out:276 type:b dur:2 cpbdur:2 q:11.03 aq:3.68 tex:935 mv:187 misc:414 imb:0 pmb:44 smb:1576 d:- ref:0 ;
in:278 out:277 type:P dur:2 cpbdur:2 q:11.03 aq:4.05 tex:136514 mv:2255 misc:1447 imb:12 pmb:799 smb:809 d:- ref:0 ;
in:277 out:278 type:b dur:2 cpbdur:2 q:11.04 aq:5.99 tex:2042 mv:486 misc:632 imb:0 pmb:133 smb:1487 d:- ref:0 ;
in:280 out:279 type:P dur:2 cpbdur:2 q:11.01 aq:4.28 tex:100960 mv:1835 misc:1405 imb:2 pmb:695 smb:923 d:- ref:0 ;
in:279 out:280 type:b dur:2 cpbdur:2 q:11.02 aq:4.96 tex:690 mv:237 misc:537 imb:0 pmb:67 smb:1553 d:- ref:0 ;
in:284 out:281 type:P dur:2 cpbdur:2 q:11.02 aq:3.82 tex:963114 mv:5617 misc:373 imb:183 pmb:1336 smb:101 d:- ref:0 ;
in:282 out:282 type:B dur:2 cpbdur:2 q:11.01 aq:8.16 tex:34751 mv:2131 misc:1086 imb:3 pmb:430 smb:1187 d:- ref:0 ;
in:281 out:283 type:b dur:2 cpbdur:2 q:11.01 aq:5.02 tex:4684 mv:705 misc:563 imb:0 pmb:155 smb:1465 d:- ref:0 ;
in:283 out:284 type:b dur:2 cpbdur:2 q:11.02 aq:4.39 tex:2221 mv:356 misc:487 imb:0 pmb:73 smb:1547 d:- ref:0 ;
in:286 out:285 type:P dur:2 cpbdur:2 q:11.33 aq:4.28 tex:162074 mv:2184 misc:1174 imb:6 pmb:1137 smb:477 d:- ref:0 ;
in:285 out:286 type:b dur:2 cpbdur:2 q:11.18 aq:4.80 tex:1371 mv:403 misc:570 imb:0 pmb:114 smb:1506 d:- ref:0 ;
in:288 out:287 type:P dur:2 cpbdur:2 q:11.26 aq:3.94 tex:280207 mv:4250 misc:991 imb:23 pmb:1222 smb:375 d:- ref:0 ;
in:287 out:288 type:b dur:2 cpbdur:2 q:11.29 aq:6.77 tex:1040 mv:548 misc:884 imb:0 pmb:205 smb:1415 d:- ref:0 ;
in:289 out:289 type:P dur:2 cpbdur:2 q:11.25 aq:3.88 tex:328072 mv:3394 misc:878 imb:12 pmb:1269 smb:339 d:- ref:0 ;
in:292 out:290 type:P dur:2 cpbdur:2 q:11.27 aq:3.75 tex:309887 mv:4182 misc:867 imb:65 pmb:1290 smb:265 d:- ref:0 ;
in:290 out:291 type:B dur:2 cpbdur:2 q:11.25 aq:5.76 tex:3891 mv:775 misc:902 imb:0 pmb:261 smb:1359 d:- ref:0 ;
in:291 out:292 type:b dur:2 cpbdur:2 q:11.26 aq:5.90 tex:1119 mv:282 misc:351 imb:0 pmb:49 smb:1571 d:- ref:0 ;
in:294 out:293 type:P dur:2 cpbdur:2 q:11.25 aq:4.13 tex:160606 mv:1866 misc:1320 imb:4 pmb:1050 smb:566 d:- ref:0 ;
in:293 out:294 type:b dur:2 cpbdur:2 q:11.26 aq:1.70 tex:278 mv:171 misc:703 imb:0 pmb:115 smb:1505 d:- ref:0 ;
in:296 out:295 type:P dur:2 cpbdur:2 q:11.15 aq:4.26 tex:117079 mv:1709 misc:1452 imb:4 pmb:844 smb:772 d:- ref:0 ;
in:295 out:296 type:b dur:2 cpbdur:2 q:11.20 aq:3.42 tex:1670 mv:83 misc:263 imb:0 pmb:20 smb:1600 d:- ref:0 ;
in:298 out:297 type:P dur:2 cpbdur:2 q:11.05 aq:4.20 tex:119383 mv:2172 misc:1381 imb:5 pmb:713 smb:902 d:- ref:0 ;
in:297 out:298 type:b dur:2 cpbdur:2 q:11.10 aq:4.10 tex:2791 mv:759 misc:658 imb:0 pmb:152 smb:1468 d:- ref:0 ;
in:300 out:299 type:P dur:2 cpbdur:2 q:10.98 aq:4.19 tex:341854 mv:3770 misc:808 imb:36 pmb:1335 smb:249 d:- ref:0 ;
in:299 out:300 type:b dur:2 cpbdur:2 q:11.02 aq:6.55 tex:3528 mv:639 misc:865 imb:0 pmb:216 smb:1404 d:- ref:0 ;
in:302 out:301 type:P dur:2 cpbdur:2 q:10.98 aq:4.39 tex:119905 mv:2065 misc:1470 imb:10 pmb:839 smb:771 d:- ref:0 ;
in:301 out:302 type:b dur:2 cpbdur:2 q:10.98 aq:6.91 tex:1821 mv:594 misc:449 imb:0 pmb:92 smb:1528 d:- ref:0 ;
in:304 out:303 type:P dur:2 cpbdur:2 q:10.89 aq:4.46 tex:112306 mv:2267 misc:1531 imb:26 pmb:778 smb:816 d:- ref:0 ;
in:303 out:304 type:b dur:2 cpbdur:2 q:10.93 aq:6.65 tex:616 mv:447 misc:625 imb:21 pmb:77 smb:1522 d:- ref:0 ;
in:306 out:305 type:P dur:2 cpbdur:2 q:11.18 aq:5.08 tex:68061 mv:1449 misc:1386 imb:7 pmb:539 smb:1074 d:- ref:0 ;
in:305 out:306 type:b dur:2 cpbdur:2 q:11.03 aq:5.82 tex:1127 mv:465 misc:416 imb:18 pmb:45 smb:1557 d:- ref:0 ;
in:310 out:307 type:P dur:2 cpbdur:2 q:11.01 aq:5.18 tex:90976 mv:2799 misc:1001 imb:45 pmb:418 smb:1157 d:- ref:0 ;
in:308 out:308 type:B dur:2 cpbdur:2 q:11.09 aq:4.93 tex:20089 mv:2420 misc:635 imb:1 pmb:309 smb:1310 d:- ref:0 ;
in:307 out:309 type:b dur:2 cpbdur:2 q:11.14 aq:5.20 tex:3790 mv:785 misc:561 imb:0 pmb:137 smb:1483 d:- ref:0 ;
in:309 out:310 type:b dur:2 cpbdur:2 q:11.05 aq:4.93 tex:3361 mv:773 misc:458 imb:0 pmb:86 smb:1534 d:- ref:0 ;
in:314 out:311 type:P dur:2 cpbdur:2 q:11.01 aq:7.15 tex:52691 mv:2190 misc:655 imb:13 pmb:325 smb:1282 d:- ref:0 ;
in:312 out:312 type:B dur:2 cpbdur:2 q:11.01 aq:7.62 tex:14659 mv:1793 misc:564 imb:1 pmb:243 smb:1376 d:- ref:0 ;
in:311 out:313 type:b dur:2 cpbdur:2 q:11.01 aq:5.11 tex:2099 mv:766 misc:487 imb:0 pmb:109 smb:1511 d:- ref:0 ;
in:313 out:314 type:b dur:2 cpbdur:2 q:11.01 aq:4.51 tex:1247 mv:210 misc:431 imb:0 pmb:54 smb:1566 d:- ref:0 ;
in:316 out:315 type:P dur:2 cpbdur:2 q:10.97 aq:4.59 tex:8954 mv:996 misc:650 imb:9 pmb:165 smb:1446 d:- ref:0 ;
in:315 out:316 type:b dur:2 cpbdur:2 q:10.99 aq:4.75 tex:2347 mv:357 misc:512 imb:1 pmb:81 smb:1538 d:- ref:0 ;
in:317 out:317 type:P dur:2 cpbdur:2 q:10.90 aq:8.69 tex:511846 mv:10229 misc:229 imb:1476 pmb:144 smb:0 d:- ref:0 ;
in:318 out:318 type:P dur:2 cpbdur:2 q:11.10 aq:8.98 tex:598410 mv:10172 misc:218 imb:1476 pmb:144 smb:0 d:- ref:0 ;
in:319 out:319 type:I dur:2 cpbdur:2 q:8.10 aq:4.19 tex:698790 mv:51747 misc:175 imb:1620 pmb:0 smb:0 d:- ref:;
in:323 out:320 type:P dur:2 cpbdur:2 q:11.87 aq:4.83 tex:989970 mv:10778 misc:252 imb:1350 pmb:264 smb:6 d:- ref:0 ;
in:321 out:321 type:B dur:2 cpbdur:2 q:11.87 aq:5.54 tex:26133 mv:1145 misc:930 imb:2 pmb:353 smb:1265 d:- ref:0 ;
in:320 out:322 type:b dur:2 cpbdur:2 q:11.87 aq:10.39 tex:302774 mv:14885 misc:517 imb:282 pmb:1195 smb:143 d:- ref:0 ;
in:322 out:323 type:b dur:2 cpbdur:2 q:11.87 aq:7.24 tex:2513 mv:543 misc:824 imb:0 pmb:203 smb:1417 d:- ref:0 ;
in:326 out:324 type:P dur:2 cpbdur:2 q:12.28 aq:5.72 tex:219582 mv:5183 misc:1299 imb:103 pmb:1025 smb:492 d:- ref:0 ;
in:324 out:325 type:B dur:2 cpbdur:2 q:12.01 aq:9.43 tex:16050 mv:2304 misc:1406 imb:1 pmb:652 smb:967 d:- ref:0 ;
in:325 out:326 type:b dur:2 cpbdur:2 q:12.15 aq:8.84 tex:1692 mv:363 misc:913 imb:0 pmb:191 smb:1429 d:- ref:0 ;
in:328 out:327 type:P dur:2 cpbdur:2 q:12.31 aq:5.53 tex:311012 mv:6806 misc:958 imb:88 pmb:1164 smb:368 d:- ref:0 ;
in:327 out:328 type:b dur:2 cpbdur:2 q:12.30 aq:6.15 tex:3144 mv:1155 misc:1213 imb:5 pmb:357 smb:1258 d:- ref:0 ;
in:330 out:329 type:P dur:2 cpbdur:2 q:12.27 aq:5.19 tex:288077 mv:6238 misc:941 imb:47 pmb:1177 smb:396 d:- ref:0 ;
in:329 out:330 type:b dur:2 cpbdur:2 q:12.29 aq:6.74 tex:1408 mv:675 misc:1269 imb:0 pmb:366 smb:1254 d:- ref:0 ;
in:331 out:331 type:P dur:2 cpbdur:2 q:12.21 aq:5.20 tex:281495 mv:5170 misc:1039 imb:27 pmb:1130 smb:463 d:- ref:0 ;
in:332 out:332 type:P dur:2 cpbdur:2 q:12.20 aq:4.67 tex:354797 mv:6309 misc:838 imb:64 pmb:1142 smb:414 d:- ref:0 ;
in:334 out:333 type:P dur:2 cpbdur:2 q:12.11 aq:4.58 tex:112879 mv:2352 misc:1393 imb:26 pmb:916 smb:678 d:- ref:0 ;
in:333 out:334 type:b dur:2 cpbdur:2 q:12.15 aq:2.53 tex:345 mv:86 misc:297 imb:0 pmb:19 smb:1601 d:- ref:0 ;
in:336 out:335 type:P dur:2 cpbdur:2 q:11.99 aq:4.52 tex:245559 mv:4341 misc:1060 imb:30 pmb:1072 smb:518 d:- ref:0 ;
in:335 out:336 type:b dur:2 cpbdur:2 q:12.05 aq:7.58 tex:1075 mv:302 misc:831 imb:0 pmb:182 smb:1438 d:- ref:0 ;
in:338 out:337 type:P dur:2 cpbdur:2 q:11.92 aq:4.45 tex:267749 mv:4669 misc:966 imb:20 pmb:1077 smb:523 d:- ref:0 ;
in:337 out:338 type:b dur:2 cpbdur:2 q:11.95 aq:8.41 tex:1478 mv:625 misc:953 imb:0 pmb:250 smb:1370 d:- ref:0 ;
in:340 out:339 type:P dur:2 cpbdur:2 q:11.82 aq:4.53 tex:195648 mv:2986 misc:1102 imb:19 pmb:1010 smb:591 d:- ref:0 ;
in:339 out:340 type:b dur:2 cpbdur:2 q:11.87 aq:5.26 tex:905 mv:398 misc:1057 imb:0 pmb:274 smb:1346 d:- ref:0 ;
in:342 out:341 type:P dur:2 cpbdur:2 q:11.78 aq:4.75 tex:157463 mv:2889 misc:1256 imb:18 pmb:900 smb:702 d:- ref:0 ;
in:341 out:342 type:b dur:2 cpbdur:2 q:11.80 aq:6.77 tex:1328 mv:577 misc:959 imb:0 pmb:245 smb:1375 d:- ref:0 ;
in:344 out:343 type:P dur:2 cpbdur:2 q:11.56 aq:4.98 tex:169990 mv:2902 misc:1180 imb:17 pmb:812 smb:791 d:- ref:0 ;
in:343 out:344 type:b dur:2 cpbdur:2 q:11.67 aq:4.14 tex:4456 mv:1015 misc:921 imb:0 pmb:254 smb:1366 d:- ref:0 ;
in:346 out:345 type:P dur:2 cpbdur:2 q:11.61 aq:5.05 tex:240342 mv:4039 misc:979 imb:32 pmb:1025 smb:563 d:- ref:0 ;
in:345 out:346 type:b dur:2 cpbdur:2 q:11.58 aq:5.40 tex:2032 mv:627 misc:1005 imb:12 pmb:249 smb:1359 d:- ref:0 ;
in:348 out:347 type:P dur:2 cpbdur:2 q:11.60 aq:5.01 tex:195115 mv:3786 misc:1251 imb:52 pmb:953 smb:615 d:- ref:0 ;
in:347 out:348 type:b dur:2 cpbdur:2 q:11.60 aq:5.08 tex:2159 mv:477 misc:804 imb:0 pmb:165 smb:1455 d:- ref:0 ;
in:352 out:349 type:P dur:2 cpbdur:2 q:11.52 aq:5.85 tex:102740 mv:2579 misc:1473 imb:41 pmb:726 smb:853 d:- ref:0 ;
in:350 out:350 type:B dur:2 cpbdur:2 q:11.56 aq:9.15 tex:13702 mv:2025 misc:1345 imb:1 pmb:517 smb:1102 d:- ref:0 ;
in:349 out:351 type:b dur:2 cpbdur:2 q:11.58 aq:6.84 tex:1858 mv:458 misc:644 imb:1 pmb:106 smb:1513 d:- ref:0 ;
in:351 out:352 type:b dur:2 cpbdur:2 q:11.54 aq:5.95 tex:2180 mv:536 misc:772 imb:0 pmb:146 smb:1474 d:- ref:0 ;
in:354 out:353 type:P dur:2 cpbdur:2 q:11.46 aq:5.99 tex:60851 mv:2008 misc:1101 imb:17 pmb:439 smb:1164 d:- ref:0 ;
in:353 out:354 type:b dur:2 cpbdur:2 q:11.49 aq:4.26 tex:1624 mv:578 misc:518 imb:3 pmb:87 smb:1530 d:- ref:0 ;
in:356 out:355 type:P dur:2 cpbdur:2 q:11.44 aq:7.18 tex:32857 mv:1414 misc:921 imb:14 pmb:316 smb:1290 d:- ref:0 ;
in:355 out:356 type:b dur:2 cpbdur:2 q:11.45 aq:8.95 tex:1161 mv:283 misc:468 imb:2 pmb:59 smb:1559 d:- ref:0 ;
in:359 out:357 type:P dur:2 cpbdur:2 q:11.52 aq:7.95 tex:90289 mv:3541 misc:530 imb:31 pmb:369 smb:1220 d:- ref:0 ;
in:357 out:358 type:B dur:2 cpbdur:2 q:11.47 aq:10.05 tex:6586 mv:1491 misc:699 imb:2 pmb:217 smb:1401 d:- ref:0 ;
in:358 out:359 type:b dur:2 cpbdur:2 q:11.49 aq:6.89 tex:12643 mv:2180 misc:617 imb:0 pmb:264 smb:1356 d:- ref:0 ;
in:360 out:360 type:P dur:2 cpbdur:2 q:11.51 aq:9.42 tex:466871 mv:9911 misc:210 imb:1509 pmb:111 smb:0 d:- ref:0 ;
in:361 out:361 type:P dur:2 cpbdur:2 q:11.82 aq:9.71 tex:471116 mv:11186 misc:210 imb:1468 pmb:149 smb:3 d:- ref:0 ;
in:362 out:362 type:I dur:2 cpbdur:2 q:8.70 aq:6.80 tex:478258 mv:55162 misc:164 imb:1620 pmb:0 smb:0 d:- ref:;
in:363 out:363 type:P dur:2 cpbdur:2 q:12.29 aq:8.24 tex:670055 mv:11226 misc:279 imb:1406 pmb:196 smb:18 d:- ref:0 ;
in:367 out:364 type:P dur:2 cpbdur:2 q:12.58 aq:5.01 tex:1023230 mv:13405 misc:293 imb:1224 pmb:337 smb:59 d:- ref:0 ;
in:365 out:365 type:B dur:2 cpbdur:2 q:12.43 aq:9.45 tex:223901 mv:5947 misc:848 imb:66 pmb:1286 smb:268 d:- ref:0 ;
in:364 out:366 type:b dur:2 cpbdur:2 q:12.36 aq:10.65 tex:6282 mv:479 misc:1063 imb:5 pmb:251 smb:1364 d:- ref:0 ;
in:366 out:367 type:b dur:2 cpbdur:2 q:12.51 aq:11.64 tex:44189 mv:5160 misc:1275 imb:3 pmb:1155 smb:462 d:- ref:0 ;
in:370 out:368 type:P dur:2 cpbdur:2 q:13.19 aq:5.61 tex:265588 mv:4911 misc:1213 imb:73 pmb:1106 smb:441 d:- ref:0 ;
in:368 out:369 type:B dur:2 cpbdur:2 q:12.78 aq:10.39 tex:8798 mv:1531 misc:1503 imb:6 pmb:544 smb:1070 d:- ref:0 ;
in:369 out:370 type:b dur:2 cpbdur:2 q:12.99 aq:10.99 tex:925 mv:414 misc:1133 imb:1 pmb:284 smb:1335 d:- ref:0 ;
in:372 out:371 type:P dur:2 cpbdur:2 q:13.34 aq:5.73 tex:224332 mv:3843 misc:1089 imb:10 pmb:1094 smb:516 d:- ref:0 ;
in:371 out:372 type:b dur:2 cpbdur:2 q:13.27 aq:8.13 tex:2006 mv:565 misc:1045 imb:1 pmb:242 smb:1377 d:- ref:0 ;
in:374 out:373 type:P dur:2 cpbdur:2 q:13.33 aq:5.36 tex:226211 mv:3650 misc:1083 imb:39 pmb:1137 smb:444 d:- ref:0 ;
in:373 out:374 type:b dur:2 cpbdur:2 q:13.33 aq:6.46 tex:1839 mv:514 misc:1071 imb:2 pmb:266 smb:1352 d:- ref:0 ;
in:376 out:375 type:P dur:2 cpbdur:2 q:13.28 aq:5.27 tex:213644 mv:3127 misc:1133 imb:12 pmb:1106 smb:502 d:- ref:0 ;
in:375 out:376 type:b dur:2 cpbdur:2 q:13.30 aq:10.35 tex:1578 mv:766 misc:952 imb:0 pmb:224 smb:1396 d:- ref:0 ;
in:378 out:377 type:P dur:2 cpbdur:2 q:13.23 aq:5.50 tex:204148 mv:3378 misc:1130 imb:16 pmb:1147 smb:457 d:- ref:0 ;
in:377 out:378 type:b dur:2 cpbdur:2 q:13.26 aq:10.90 tex:873 mv:515 misc:1028 imb:0 pmb:236 smb:1384 d:- ref:0 ;
in:380 out:379 type:P dur:2 cpbdur:2 q:13.17 aq:5.52 tex:187620 mv:3013 misc:1215 imb:20 pmb:1120 smb:480 d:- ref:0 ;
in:379 out:380 type:b dur:2 cpbdur:2 q:13.20 aq:7.77 tex:3104 mv:935 misc:1153 imb:3 pmb:301 smb:1316 d:- ref:0 ;
in:382 out:381 type:P dur:2 cpbdur:2 q:13.08 aq:5.38 tex:176837 mv:2531 misc:1256 imb:12 pmb:1078 smb:530 d:- ref:0 ;
in:381 out:382 type:b dur:2 cpbdur:2 q:13.13 aq:3.82 tex:1067 mv:370 misc:955 imb:5 pmb:218 smb:1397 d:- ref:0 ;
in:384 out:383 type:P dur:2 cpbdur:2 q:12.99 aq:5.23 tex:176567 mv:2531 misc:1214 imb:7 pmb:1044 smb:569 d:- ref:0 ;
in:383 out:384 type:b dur:2 cpbdur:2 q:13.04 aq:6.76 tex:2505 mv:566 misc:1041 imb:4 pmb:251 smb:1365 d:- ref:0 ;
in:386 out:385 type:P dur:2 cpbdur:2 q:12.94 aq:5.67 tex:139558 mv:2237 misc:1349 imb:10 pmb:946 smb:664 d:- ref:0 ;
in:385 out:386 type:b dur:2 cpbdur:2 q:12.96 aq:6.35 tex:1734 mv:505 misc:881 imb:5 pmb:200 smb:1415 d:- ref:0 ;
in:388 out:387 type:P dur:2 cpbdur:2 q:12.83 aq:5.78 tex:136617 mv:2353 misc:1390 imb:29 pmb:939 smb:652 d:- ref:0 ;
in:387 out:388 type:b dur:2 cpbdur:2 q:12.88 aq:5.63 tex:1256 mv:418 misc:1062 imb:1 pmb:249 smb:1370 d:- ref:0 ;
in:390 out:389 type:P dur:2 cpbdur:2 q:12.75 aq:5.57 tex:99050 mv:2093 misc:1529 imb:24 pmb:844 smb:752 d:- ref:0 ;
in:389 out:390 type:b dur:2 cpbdur:2 q:12.79 aq:6.06 tex:935 mv:202 misc:575 imb:0 pmb:101 smb:1519 d:- ref:0 ;
in:392 out:391 type:P dur:2 cpbdur:2 q:12.55 aq:5.85 tex:152073 mv:2420 misc:1331 imb:24 pmb:1000 smb:596 d:- ref:0 ;
in:391 out:392 type:b dur:2 cpbdur:2 q:12.65 aq:6.80 tex:1211 mv:349 misc:936 imb:0 pmb:204 smb:1416 d:- ref:0 ;
in:394 out:393 type:P dur:2 cpbdur:2 q:12.44 aq:5.64 tex:76982 mv:1572 misc:1534 imb:5 pmb:721 smb:894 d:- ref:0 ;
in:393 out:394 type:b dur:2 cpbdur:2 q:12.50 aq:8.04 tex:894 mv:353 misc:521 imb:0 pmb:66 smb:1554 d:- ref:0 ;
in:396 out:395 type:P dur:2 cpbdur:2 q:12.36 aq:6.05 tex:110795 mv:2355 misc:1354 imb:6 pmb:573 smb:1041 d:- ref:0 ;
in:395 out:396 type:b dur:2 cpbdur:2 q:12.40 aq:7.30 tex:4697 mv:826 misc:541 imb:0 pmb:130 smb:1490 d:- ref:0 ;
in:400 out:397 type:P dur:2 cpbdur:2 q:12.33 aq:7.70 tex:109061 mv:2336 misc:1187 imb:22 pmb:461 smb:1137 d:- ref:0 ;
in:398 out:398 type:B dur:2 cpbdur:2 q:12.34 aq:9.36 tex:17172 mv:2000 misc:884 imb:0 pmb:304 smb:1316 d:- ref:0 ;
in:397 out:399 type:b dur:2 cpbdur:2 q:12.35 aq:7.25 tex:627 mv:229 misc:456 imb:0 pmb:68 smb:1552 d:- ref:0 ;
in:399 out:400 type:b dur:2 cpbdur:2 q:12.33 aq:7.46 tex:1908 mv:484 misc:488 imb:0 pmb:101 smb:1519 d:- ref:0 ;
in:404 out:401 type:P dur:2 cpbdur:2 q:12.29 aq:9.36 tex:22637 mv:1480 misc:563 imb:10 pmb:217 smb:1393 d:- ref:0 ;
in:402 out:402 type:B dur:2 cpbdur:2 q:12.31 aq:8.82 tex:18784 mv:1278 misc:602 imb:0 pmb:230 smb:1390 d:- ref:0 ;
in:401 out:403 type:b dur:2 cpbdur:2 q:12.32 aq:7.78 tex:1260 mv:433 misc:427 imb:0 pmb:79 smb:1541 d:- ref:0 ;
in:403 out:404 type:b dur:2 cpbdur:2 q:12.30 aq:7.61 tex:2097 mv:394 misc:549 imb:0 pmb:102 smb:1518 d:- ref:0 ;
in:405 out:405 type:P dur:2 cpbdur:2 q:12.19 aq:10.37 tex:469983 mv:11289 misc:272 imb:1411 pmb:191 smb:18 d:- ref:0 ;
in:406 out:406 type:P dur:2 cpbdur:2 q:12.35 aq:10.57 tex:477506 mv:11940 misc:202 imb:1423 pmb:197 smb:0 d:- ref:0 ;
in:407 out:407 type:P dur:2 cpbdur:2 q:12.58 aq:10.40 tex:472833 mv:11318 misc:233 imb:1443 pmb:173 smb:4 d:- ref:0 ;
in:408 out:408 type:P dur:2 cpbdur:2 q:12.73 aq:9.71 tex:484839 mv:10617 misc:248 imb:1468 pmb:152 smb:0 d:- ref:0 ;
in:409 out:409 type:I dur:2 cpbdur:2 q:9.59 aq:2.79 tex:861392 mv:54116 misc:180 imb:1620 pmb:0 smb:0 d:- ref:;
in:412 out:410 type:P dur:2 cpbdur:2 q:13.40 aq:5.59 tex:103625 mv:2604 misc:827 imb:38 pmb:486 smb:1096 d:- ref:0 ;
in:410 out:411 type:B dur:2 cpbdur:2 q:13.40 aq:1.00 tex:181 mv:166 misc:725 imb:0 pmb:168 smb:1452 d:- ref:0 ;
in:411 out:412 type:b dur:2 cpbdur:2 q:13.40 aq:9.89 tex:1817 mv:295 misc:472 imb:2 pmb:79 smb:1539 d:- ref:0 ;
in:414 out:413 type:P dur:2 cpbdur:2 q:13.41 aq:6.48 tex:234955 mv:7696 misc:981 imb:57 pmb:1235 smb:328 d:- ref:0 ;
in:413 out:414 type:b dur:2 cpbdur:2 q:13.41 aq:11.47 tex:903 mv:366 misc:1227 imb:0 pmb:303 smb:1317 d:- ref:0 ;
in:416 out:415 type:P dur:2 cpbdur:2 q:13.44 aq:6.73 tex:265825 mv:6874 misc:885 imb:40 pmb:1241 smb:339 d:- ref:0 ;
in:415 out:416 type:b dur:2 cpbdur:2 q:13.43 aq:12.49 tex:7334 mv:2135 misc:1403 imb:0 pmb:462 smb:1158 d:- ref:0 ;
in:418 out:417 type:P dur:2 cpbdur:2 q:13.44 aq:7.10 tex:198786 mv:5178 misc:1148 imb:25 pmb:1097 smb:498 d:- ref:0 ;
in:417 out:418 type:b dur:2 cpbdur:2 q:13.44 aq:12.07 tex:1538 mv:506 misc:1108 imb:1 pmb:271 smb:1348 d:- ref:0 ;
in:420 out:419 type:P dur:2 cpbdur:2 q:13.41 aq:6.81 tex:259865 mv:5918 misc:1049 imb:39 pmb:1144 smb:437 d:- ref:0 ;
in:419 out:420 type:b dur:2 cpbdur:2 q:13.43 aq:12.24 tex:3745 mv:1414 misc:1057 imb:0 pmb:279 smb:1341 d:- ref:0 ;
in:422 out:421 type:P dur:2 cpbdur:2 q:13.38 aq:6.67 tex:183199 mv:4413 misc:1148 imb:23 pmb:1081 smb:516 d:- ref:0 ;
in:421 out:422 type:b dur:2 cpbdur:2 q:13.40 aq:11.37 tex:1642 mv:769 misc:1189 imb:0 pmb:314 smb:1306 d:- ref:0 ;
in:424 out:423 type:P dur:2 cpbdur:2 q:13.29 aq:6.95 tex:159761 mv:3569 misc:1262 imb:22 pmb:1006 smb:592 d:- ref:0 ;
in:423 out:424 type:b dur:2 cpbdur:2 q:13.33 aq:11.42 tex:1631 mv:678 misc:1195 imb:0 pmb:323 smb:1297 d:- ref:0 ;
in:426 out:425 type:P dur:2 cpbdur:2 q:13.21 aq:7.22 tex:172678 mv:3787 misc:1271 imb:16 pmb:1035 smb:569 d:- ref:0 ;
in:425 out:426 type:b dur:2 cpbdur:2 q:13.25 aq:11.95 tex:1721 mv:683 misc:1100 imb:0 pmb:289 smb:1331 d:- ref:0 ;
in:428 out:427 type:P dur:2 cpbdur:2 q:13.14 aq:7.36 tex:120048 mv:3066 misc:1454 imb:18 pmb:941 smb:661 d:- ref:0 ;
in:427 out:428 type:b dur:2 cpbdur:2 q:13.17 aq:13.03 tex:1223 mv:480 misc:1257 imb:0 pmb:317 smb:1303 d:- ref:0 ;
in:430 out:429 type:P dur:2 cpbdur:2 q:13.08 aq:7.88 tex:90635 mv:2670 misc:1439 imb:8 pmb:832 smb:780 d:- ref:0 ;
in:429 out:430 type:b dur:2 cpbdur:2 q:13.11 aq:9.14 tex:1416 mv:381 misc:939 imb:0 pmb:225 smb:1395 d:- ref:0 ;
in:432 out:431 type:P dur:2 cpbdur:2 q:13.04 aq:8.56 tex:54885 mv:2316 misc:1263 imb:9 pmb:545 smb:1066 d:- ref:0 ;
in:431 out:432 type:b dur:2 cpbdur:2 q:13.06 aq:9.69 tex:2918 mv:942 misc:828 imb:0 pmb:192 smb:1428 d:- ref:0 ;
in:434 out:433 type:P dur:2 cpbdur:2 q:12.81 aq:9.70 tex:19661 mv:1512 misc:843 imb:5 pmb:265 smb:1350 d:- ref:0 ;
in:433 out:434 type:b dur:2 cpbdur:2 q:12.93 aq:6.83 tex:1504 mv:281 misc:519 imb:0 pmb:65 smb:1555 d:- ref:0 ;
in:436 out:435 type:P dur:2 cpbdur:2 q:12.67 aq:10.54 tex:447119 mv:10402 misc:199 imb:1479 pmb:141 smb:0 d:- ref:0 ;
in:435 out:436 type:b dur:2 cpbdur:2 q:12.74 aq:7.87 tex:1120 mv:59 misc:421 imb:0 pmb:44 smb:1576 d:- ref:0 ;
in:437 out:437 type:P dur:2 cpbdur:2 q:12.74 aq:10.74 tex:444668 mv:10903 misc:309 imb:1369 pmb:207 smb:44 d:- ref:0 ;
in:438 out:438 type:P dur:2 cpbdur:2 q:12.79 aq:10.51 tex:487035 mv:10853 misc:208 imb:1458 pmb:160 smb:2 d:- ref:0 ;
in:439 out:439 type:I dur:2 cpbdur:2 q:10.05 aq:5.73 tex:536922 mv:51655 misc:175 imb:1620 pmb:0 smb:0 d:- ref:;
in:440 out:440 type:P dur:2 cpbdur:2 q:13.22 aq:7.24 tex:737140 mv:11660 misc:344 imb:1094 pmb:380 smb:146 d:- ref:0 ;
in:444 out:441 type:P dur:2 cpbdur:2 q:13.38 aq:7.01 tex:709371 mv:12555 misc:274 imb:638 pmb:893 smb:89 d:- ref:0 ;
in:442 out:442 type:B dur:2 cpbdur:2 q:13.30 aq:7.96 tex:18486 mv:472 misc:1162 imb:8 pmb:286 smb:1326 d:- ref:0 ;
in:441 out:443 type:b dur:2 cpbdur:2 q:13.26 aq:10.27 tex:802 mv:109 misc:425 imb:0 pmb:63 smb:1557 d:- ref:0 ;
in:443 out:444 type:b dur:2 cpbdur:2 q:13.34 aq:10.53 tex:842 mv:188 misc:586 imb:0 pmb:78 smb:1542 d:- ref:0 ;
in:446 out:445 type:P dur:2 cpbdur:2 q:13.50 aq:6.88 tex:392007 mv:8966 misc:675 imb:112 pmb:1299 smb:209 d:- ref:0 ;
in:445 out:446 type:b dur:2 cpbdur:2 q:13.44 aq:10.36 tex:1971 mv:443 misc:650 imb:4 pmb:127 smb:1489 d:- ref:0 ;
in:448 out:447 type:P dur:2 cpbdur:2 q:13.60 aq:7.27 tex:208556 mv:4262 misc:1134 imb:32 pmb:1209 smb:379 d:- ref:0 ;
in:447 out:448 type:b dur:2 cpbdur:2 q:13.55 aq:12.04 tex:1441 mv:516 misc:1259 imb:4 pmb:330 smb:1286 d:- ref:0 ;
in:449 out:449 type:P dur:2 cpbdur:2 q:13.60 aq:7.22 tex:144756 mv:3158 misc:1414 imb:47 pmb:1038 smb:535 d:- ref:0 ;
in:452 out:450 type:P dur:2 cpbdur:2 q:13.57 aq:7.40 tex:275008 mv:6434 misc:766 imb:86 pmb:1347 smb:187 d:- ref:0 ;
in:450 out:451 type:B dur:2 cpbdur:2 q:13.59 aq:10.84 tex:5611 mv:1232 misc:1101 imb:15 pmb:304 smb:1301 d:- ref:0 ;
in:451 out:452 type:b dur:2 cpbdur:2 q:13.58 aq:12.26 tex:376 mv:104 misc:384 imb:1 pmb:31 smb:1588 d:- ref:0 ;
in:454 out:453 type:P dur:2 cpbdur:2 q:13.57 aq:7.53 tex:153639 mv:3418 misc:1287 imb:38 pmb:1151 smb:431 d:- ref:0 ;
in:453 out:454 type:b dur:2 cpbdur:2 q:13.57 aq:11.36 tex:2341 mv:858 misc:1289 imb:11 pmb:340 smb:1269 d:- ref:0 ;
in:456 out:455 type:P dur:2 cpbdur:2 q:13.51 aq:8.21 tex:74081 mv:1954 misc:1597 imb:10 pmb:772 smb:838 d:- ref:0 ;
in:455 out:456 type:b dur:2 cpbdur:2 q:13.54 aq:10.78 tex:3523 mv:807 misc:1078 imb:0 pmb:254 smb:1366 d:- ref:0 ;
in:458 out:457 type:P dur:2 cpbdur:2 q:13.43 aq:8.28 tex:22433 mv:922 misc:1453 imb:5 pmb:414 smb:1201 d:- ref:0 ;
in:457 out:458 type:b dur:2 cpbdur:2 q:13.47 aq:12.47 tex:1532 mv:249 misc:707 imb:0 pmb:103 smb:1517 d:- ref:0 ;
in:462 out:459 type:P dur:2 cpbdur:2 q:13.44 aq:10.58 tex:409969 mv:9631 misc:224 imb:1493 pmb:124 smb:3 d:- ref:0 ;
in:460 out:460 type:B dur:2 cpbdur:2 q:13.44 aq:8.50 tex:2290 mv:181 misc:649 imb:1 pmb:86 smb:1533 d:- ref:0 ;
in:459 out:461 type:b dur:2 cpbdur:2 q:13.44 aq:12.11 tex:614 mv:72 misc:458 imb:0 pmb:44 smb:1576 d:- ref:0 ;
in:461 out:462 type:b dur:2 cpbdur:2 q:13.44 aq:12.25 tex:660 mv:29 misc:423 imb:0 pmb:38 smb:1582 d:- ref:0 ;
in:463 out:463 type:P dur:2 cpbdur:2 q:13.42 aq:11.01 tex:404601 mv:10042 misc:269 imb:1476 pmb:139 smb:5 d:- ref:0 ;
in:464 out:464 type:I dur:2 cpbdur:2 q:10.41 aq:8.20 tex:405932 mv:49116 misc:184 imb:1620 pmb:0 smb:0 d:- ref:;
in:465 out:465 type:P dur:2 cpbdur:2 q:13.93 aq:9.47 tex:550651 mv:10649 misc:236 imb:1455 pmb:160 smb:5 d:- ref:0 ;
in:466 out:466 type:P dur:2 cpbdur:2 q:14.04 aq:7.01 tex:792939 mv:11290 misc:387 imb:1248 pmb:262 smb:110 d:- ref:0 ;
in:470 out:467 type:P dur:2 cpbdur:2 q:14.19 aq:7.80 tex:267073 mv:8588 misc:683 imb:206 pmb:1263 smb:151 d:- ref:0 ;
in:468 out:468 type:B dur:2 cpbdur:2 q:14.11 aq:10.31 tex:39303 mv:5828 misc:1389 imb:4 pmb:1064 smb:552 d:- ref:0 ;
in:467 out:469 type:b dur:2 cpbdur:2 q:14.07 aq:11.39 tex:3220 mv:918 misc:926 imb:0 pmb:238 smb:1382 d:- ref:0 ;
in:469 out:470 type:b dur:2 cpbdur:2 q:14.15 aq:12.82 tex:2199 mv:656 misc:969 imb:1 pmb:215 smb:1404 d:- ref:0 ;
in:472 out:471 type:P dur:2 cpbdur:2 q:14.16 aq:8.74 tex:78188 mv:3699 misc:1553 imb:40 pmb:859 smb:721 d:- ref:0 ;
in:471 out:472 type:b dur:2 cpbdur:2 q:14.18 aq:13.96 tex:1705 mv:411 misc:876 imb:0 pmb:161 smb:1459 d:- ref:0 ;
in:474 out:473 type:P dur:2 cpbdur:2 q:14.11 aq:8.52 tex:214340 mv:7468 misc:1104 imb:78 pmb:1119 smb:423 d:- ref:0 ;
in:473 out:474 type:b dur:2 cpbdur:2 q:14.14 aq:12.51 tex:7527 mv:2008 misc:1297 imb:3 pmb:444 smb:1173 d:- ref:0 ;
in:476 out:475 type:P dur:2 cpbdur:2 q:14.14 aq:8.63 tex:173143 mv:6300 misc:1197 imb:103 pmb:1097 smb:420 d:- ref:0 ;
in:475 out:476 type:b dur:2 cpbdur:2 q:14.13 aq:10.39 tex:3103 mv:931 misc:1206 imb:18 pmb:318 smb:1284 d:- ref:0 ;
in:478 out:477 type:P dur:2 cpbdur:2 q:14.13 aq:8.82 tex:204125 mv:6455 misc:972 imb:99 pmb:1177 smb:344 d:- ref:0 ;
in:477 out:478 type:b dur:2 cpbdur:2 q:14.14 aq:12.49 tex:2394 mv:924 misc:946 imb:0 pmb:241 smb:1379 d:- ref:0 ;
in:480 out:479 type:P dur:2 cpbdur:2 q:14.12 aq:9.36 tex:127154 mv:4826 misc:1292 imb:37 pmb:858 smb:725 d:- ref:0 ;
in:479 out:480 type:b dur:2 cpbdur:2 q:14.13 aq:12.06 tex:4004 mv:1160 misc:1124 imb:0 pmb:331 smb:1289 d:- ref:0 ;
in:482 out:481 type:P dur:2 cpbdur:2 q:14.07 aq:10.40 tex:27559 mv:2119 misc:1226 imb:27 pmb:428 smb:1165 d:- ref:0 ;
in:481 out:482 type:b dur:2 cpbdur:2 q:14.10 aq:14.13 tex:2376 mv:670 misc:930 imb:0 pmb:218 smb:1402 d:- ref:0 ;
in:484 out:483 type:P dur:2 cpbdur:2 q:14.08 aq:11.02 tex:380324 mv:10399 misc:229 imb:1450 pmb:168 smb:2 d:- ref:0 ;
in:483 out:484 type:b dur:2 cpbdur:2 q:14.07 aq:14.21 tex:1292 mv:63 misc:581 imb:0 pmb:75 smb:1545 d:- ref:0 ;
in:485 out:485 type:P dur:2 cpbdur:2 q:14.08 aq:11.88 tex:399062 mv:11176 misc:210 imb:1488 pmb:132 smb:0 d:- ref:0 ;
in:486 out:486 type:P dur:2 cpbdur:2 q:14.12 aq:11.61 tex:444993 mv:10341 misc:242 imb:1486 pmb:133 smb:1 d:- ref:0 ;
in:487 out:487 type:i dur:2 cpbdur:2 q:10.94 aq:7.43 tex:441805 mv:49615 misc:180 imb:1620 pmb:0 smb:0 d:- ref:;
in:488 out:488 type:P dur:2 cpbdur:2 q:14.42 aq:8.52 tex:675721 mv:10243 misc:340 imb:1405 pmb:168 smb:47 d:- ref:0 ;
in:492 out:489 type:P dur:2 cpbdur:2 q:14.61 aq:8.87 tex:656485 mv:13169 misc:370 imb:791 pmb:715 smb:114 d:- ref:0 ;
in:490 out:490 type:B dur:2 cpbdur:2 q:14.52 aq:9.89 tex:22832 mv:1260 misc:1316 imb:7 pmb:418 smb:1195 d:- ref:0 ;
in:489 out:491 type:b dur:2 cpbdur:2 q:14.47 aq:12.41 tex:918 mv:114 misc:408 imb:0 pmb:65 smb:1555 d:- ref:0 ;
in:491 out:492 type:b dur:2 cpbdur:2 q:14.57 aq:12.43 tex:1079 mv:210 misc:599 imb:0 pmb:80 smb:1540 d:- ref:0 ;
in:494 out:493 type:P dur:2 cpbdur:2 q:14.74 aq:8.73 tex:368274 mv:10920 misc:574 imb:126 pmb:1288 smb:206 d:- ref:0 ;
in:493 out:494 type:b dur:2 cpbdur:2 q:14.68 aq:12.86 tex:1920 mv:667 misc:1253 imb:0 pmb:357 smb:1263 d:- ref:0 ;
in:496 out:495 type:P dur:2 cpbdur:2 q:14.75 aq:8.52 tex:167100 mv:4311 misc:1181 imb:38 pmb:1056 smb:526 d:- ref:0 ;
in:495 out:496 type:b dur:2 cpbdur:2 q:14.74 aq:12.94 tex:1534 mv:376 misc:930 imb:0 pmb:207 smb:1413 d:- ref:0 ;
in:498 out:497 type:P dur:2 cpbdur:2 q:14.72 aq:9.04 tex:148748 mv:4087 misc:1269 imb:35 pmb:1097 smb:488 d:- ref:0 ;
in:497 out:498 type:b dur:2 cpbdur:2 q:14.73 aq:13.23 tex:1307 mv:360 misc:893 imb:0 pmb:208 smb:1412 d:- ref:0 ;
in:500 out:499 type:P dur:2 cpbdur:2 q:14.67 aq:9.89 tex:109121 mv:3450 misc:1429 imb:29 pmb:1022 smb:569 d:- ref:0 ;
in:499 out:500 type:b dur:2 cpbdur:2 q:14.69 aq:12.40 tex:2324 mv:469 misc:1215 imb:0 pmb:342 smb:1278 d:- ref:0 ;
in:502 out:501 type:P dur:2 cpbdur:2 q:14.63 aq:10.05 tex:23525 mv:1542 misc:1477 imb:25 pmb:431 smb:1164 d:- ref:0 ;
in:501 out:502 type:b dur:2 cpbdur:2 q:14.65 aq:14.02 tex:2104 mv:427 misc:909 imb:3 pmb:162 smb:1455 d:- ref:0 ;
in:504 out:503 type:P dur:2 cpbdur:2 q:14.55 aq:13.78 tex:1516 mv:303 misc:749 imb:2 pmb:97 smb:1521 d:- ref:0 ;
in:503 out:504 type:b dur:2 cpbdur:2 q:14.59 aq:14.75 tex:715 mv:194 misc:619 imb:0 pmb:79 smb:1541 d:- ref:0 ;
in:505 out:505 type:P dur:2 cpbdur:2 q:14.46 aq:11.79 tex:380786 mv:11012 misc:242 imb:1472 pmb:145 smb:3 d:- ref:0 ;
in:506 out:506 type:P dur:2 cpbdur:2 q:14.52 aq:12.15 tex:379307 mv:10885 misc:248 imb:1481 pmb:132 smb:7 d:- ref:0 ;
in:507 out:507 type:I dur:2 cpbdur:2 q:11.41 aq:9.05 tex:406448 mv:50289 misc:175 imb:1620 pmb:0 smb:0 d:- ref:;
in:508 out:508 type:P dur:2 cpbdur:2 q:14.72 aq:10.32 tex:544414 mv:10191 misc:267 imb:1465 pmb:144 smb:11 d:- ref:0 ;
in:509 out:509 type:P dur:2 cpbdur:2 q:14.87 aq:8.53 tex:724591 mv:11078 misc:339 imb:1277 pmb:249 smb:94 d:- ref:0 ;
in:512 out:510 type:P dur:2 cpbdur:2 q:15.02 aq:9.49 tex:281058 mv:9941 misc:585 imb:193 pmb:1290 smb:137 d:- ref:0 ;
in:510 out:511 type:B dur:2 cpbdur:2 q:14.92 aq:12.48 tex:43252 mv:5864 misc:1428 imb:48 pmb:1044 smb:528 d:- ref:0 ;
in:511 out:512 type:b dur:2 cpbdur:2 q:14.97 aq:11.68 tex:2124 mv:523 misc:1329 imb:0 pmb:366 smb:1254 d:- ref:0 ;
in:513 out:513 type:P dur:2 cpbdur:2 q:15.23 aq:9.40 tex:231835 mv:7156 misc:849 imb:84 pmb:1270 smb:266 d:- ref:0 ;
in:517 out:514 type:P dur:2 cpbdur:2 q:15.22 aq:9.58 tex:260569 mv:8558 misc:833 imb:155 pmb:1211 smb:254 d:- ref:0 ;
in:515 out:515 type:B dur:2 cpbdur:2 q:15.23 aq:12.13 tex:5622 mv:889 misc:1297 imb:3 pmb:331 smb:1286 d:- ref:0 ;
in:514 out:516 type:b dur:2 cpbdur:2 q:15.23 aq:16.10 tex:1064 mv:237 misc:523 imb:0 pmb:93 smb:1527 d:- ref:0 ;
in:516 out:517 type:b dur:2 cpbdur:2 q:15.23 aq:15.26 tex:452 mv:133 misc:479 imb:0 pmb:51 smb:1569 d:- ref:0 ;
in:521 out:518 type:P dur:2 cpbdur:2 q:15.18 aq:12.63 tex:4675 mv:497 misc:980 imb:2 pmb:171 smb:1447 d:- ref:0 ;
in:519 out:519 type:B dur:2 cpbdur:2 q:15.20 aq:12.43 tex:1700 mv:387 misc:793 imb:1 pmb:118 smb:1501 d:- ref:0 ;
in:518 out:520 type:b dur:2 cpbdur:2 q:15.21 aq:16.13 tex:469 mv:118 misc:469 imb:0 pmb:51 smb:1569 d:- ref:0 ;
in:520 out:521 type:b dur:2 cpbdur:2 q:15.19 aq:16.22 tex:400 mv:141 misc:475 imb:0 pmb:53 smb:1567 d:- ref:0 ;
in:523 out:522 type:P dur:2 cpbdur:2 q:15.08 aq:12.16 tex:332141 mv:10058 misc:249 imb:1523 pmb:97 smb:0 d:- ref:0 ;
in:522 out:523 type:b dur:2 cpbdur:2 q:15.13 aq:13.13 tex:1383 mv:140 misc:501 imb:0 pmb:57 smb:1563 d:- ref:0 ;
in:524 out:524 type:P dur:2 cpbdur:2 q:15.12 aq:12.75 tex:360177 mv:11343 misc:216 imb:1472 pmb:148 smb:0 d:- ref:0 ;
in:525 out:525 type:P dur:2 cpbdur:2 q:15.16 aq:11.48 tex:420854 mv:11555 misc:303 imb:1465 pmb:155 smb:0 d:- ref:0 w:5,33,5,6,65,-4,62,6 ;
in:527 out:526 type:P dur:2 cpbdur:2 q:15.20 aq:9.05 tex:686122 mv:10719 misc:247 imb:1405 pmb:212 smb:3 d:- ref:0 ;
in:526 out:527 type:b dur:2 cpbdur:2 q:15.18 aq:13.52 tex:226659 mv:12555 misc:562 imb:177 pmb:1295 smb:148 d:- ref:0 ;
in:531 out:528 type:P dur:2 cpbdur:2 q:15.28 aq:10.42 tex:165320 mv:8819 misc:901 imb:116 pmb:1205 smb:299 d:- ref:0 ;
in:529 out:529 type:B dur:2 cpbdur:2 q:15.24 aq:12.69 tex:18665 mv:3123 misc:1580 imb:4 pmb:779 smb:837 d:- ref:0 ;
in:528 out:530 type:b dur:2 cpbdur:2 q:15.22 aq:13.73 tex:1681 mv:482 misc:1205 imb:0 pmb:323 smb:1297 d:- ref:0 ;
in:530 out:531 type:b dur:2 cpbdur:2 q:15.26 aq:14.03 tex:38823 mv:5035 misc:1470 imb:6 pmb:973 smb:641 d:- ref:0 ;
in:535 out:532 type:P dur:2 cpbdur:2 q:15.37 aq:12.72 tex:340740 mv:10476 misc:312 imb:1500 pmb:120 smb:0 d:- ref:0 w:5,33,-13,7,119,8,115,14 ;
in:533 out:533 type:B dur:2 cpbdur:2 q:15.33 aq:11.27 tex:37752 mv:1567 misc:1441 imb:12 pmb:552 smb:1056 d:- ref:0 ;
in:532 out:534 type:b dur:2 cpbdur:2 q:15.30 aq:13.61 tex:6020 mv:1093 misc:1263 imb:0 pmb:354 smb:1266 d:- ref:0 ;
in:534 out:535 type:b dur:2 cpbdur:2 q:15.35 aq:14.77 tex:1483 mv:166 misc:559 imb:1 pmb:71 smb:1548 d:- ref:0 ;
in:536 out:536 type:P dur:2 cpbdur:2 q:15.53 aq:12.75 tex:369638 mv:10354 misc:208 imb:1493 pmb:127 smb:0 d:- ref:0 ;
in:537 out:537 type:I dur:2 cpbdur:2 q:12.11 aq:9.58 tex:423025 mv:51351 misc:168 imb:1620 pmb:0 smb:0 d:- ref:;
in:538 out:538 type:P dur:2 cpbdur:2 q:15.74 aq:11.23 tex:505804 mv:11014 misc:294 imb:1404 pmb:193 smb:23 d:- ref:0 ;
in:541 out:539 type:P dur:2 cpbdur:2 q:15.80 aq:11.05 tex:581571 mv:13358 misc:263 imb:1064 pmb:464 smb:92 d:- ref:0 ;
in:539 out:540 type:B dur:2 cpbdur:2 q:15.76 aq:13.07 tex:189030 mv:11773 misc:725 imb:120 pmb:1236 smb:264 d:- ref:0 ;
in:540 out:541 type:b dur:2 cpbdur:2 q:15.78 aq:14.72 tex:15702 mv:1744 misc:1426 imb:16 pmb:466 smb:1138 d:- ref:0 ;
in:545 out:542 type:P dur:2 cpbdur:2 q:15.80 aq:13.17 tex:330936 mv:10431 misc:289 imb:1502 pmb:118 smb:0 d:- ref:0 w:5,33,-13,5,29,12,29,13 ;
in:543 out:543 type:B dur:2 cpbdur:2 q:15.80 aq:12.17 tex:21753 mv:1020 misc:1371 imb:6 pmb:385 smb:1229 d:- ref:0 ;
in:542 out:544 type:b dur:2 cpbdur:2 q:15.80 aq:15.67 tex:2620 mv:633 misc:1075 imb:0 pmb:233 smb:1387 d:- ref:0 ;
in:544 out:545 type:b dur:2 cpbdur:2 q:15.80 aq:14.64 tex:1385 mv:98 misc:525 imb:2 pmb:58 smb:1560 d:- ref:0 ;
in:546 out:546 type:P dur:2 cpbdur:2 q:15.79 aq:13.02 tex:337217 mv:9812 misc:227 imb:1519 pmb:101 smb:0 d:- ref:0 ;
in:547 out:547 type:P dur:2 cpbdur:2 q:15.79 aq:13.11 tex:383356 mv:10330 misc:242 imb:1477 pmb:135 smb:8 d:- ref:0 ;
in:548 out:548 type:P dur:2 cpbdur:2 q:15.88 aq:11.67 tex:479395 mv:10957 misc:256 imb:1433 pmb:178 smb:9 d:- ref:0 ;
in:552 out:549 type:P dur:2 cpbdur:2 q:16.01 aq:13.39 tex:334611 mv:11729 misc:204 imb:1462 pmb:158 smb:0 d:- ref:0 ;
in:550 out:550 type:B dur:2 cpbdur:2 q:15.94 aq:12.14 tex:361710 mv:16051 misc:815 imb:400 pmb:981 smb:239 d:- ref:0 ;
in:549 out:551 type:b dur:2 cpbdur:2 q:15.91 aq:14.72 tex:19195 mv:2111 misc:1310 imb:7 pmb:478 smb:1135 d:- ref:0 ;
in:551 out:552 type:b dur:2 cpbdur:2 q:15.97 aq:14.93 tex:17001 mv:1835 misc:1284 imb:4 pmb:423 smb:1193 d:- ref:0 ;
in:553 out:553 type:P dur:2 cpbdur:2 q:16.19 aq:13.24 tex:343069 mv:10285 misc:262 imb:1483 pmb:129 smb:8 d:- ref:0 ;
in:554 out:554 type:P dur:2 cpbdur:2 q:16.18 aq:13.46 tex:368946 mv:10220 misc:242 imb:1472 pmb:141 smb:7 d:- ref:0 ;
in:557 out:555 type:P dur:2 cpbdur:2 q:16.20 aq:12.68 tex:468127 mv:10638 misc:267 imb:1470 pmb:131 smb:19 d:- ref:0 ;
in:555 out:556 type:B dur:2 cpbdur:2 q:16.19 aq:14.41 tex:62628 mv:6176 misc:1420 imb:114 pmb:984 smb:522 d:- ref:0 ;
in:556 out:557 type:b dur:2 cpbdur:2 q:16.20 aq:13.94 tex:4733 mv:1825 misc:1362 imb:16 pmb:441 smb:1163 d:- ref:0 ;
in:558 out:558 type:P dur:2 cpbdur:2 q:16.28 aq:14.30 tex:6851 mv:1080 misc:1013 imb:26 pmb:192 smb:1402 d:- ref:0 ;
in:559 out:559 type:P dur:2 cpbdur:2 q:16.22 aq:13.47 tex:319990 mv:10836 misc:230 imb:1483 pmb:137 smb:0 d:- ref:0 ;
in:560 out:560 type:i dur:2 cpbdur:2 q:12.78 aq:9.72 tex:363067 mv:47879 misc:158 imb:1620 pmb:0 smb:0 d:- ref:;
in:561 out:561 type:P dur:2 cpbdur:2 q:16.38 aq:12.58 tex:390138 mv:10121 misc:373 imb:1406 pmb:127 smb:87 d:- ref:0 ;
in:562 out:562 type:P dur:2 cpbdur:2 q:16.48 aq:12.24 tex:438676 mv:11201 misc:347 imb:1313 pmb:211 smb:96 d:- ref:0 ;
in:565 out:563 type:P dur:2 cpbdur:2 q:16.63 aq:13.92 tex:315174 mv:11375 misc:299 imb:1462 pmb:158 smb:0 d:- ref:0 w:5,33,-11,6,60,7,57,15 ;
in:563 out:564 type:B dur:2 cpbdur:2 q:16.53 aq:13.71 tex:89751 mv:5930 misc:1279 imb:112 pmb:1070 smb:438 d:- ref:0 ;
in:564 out:565 type:b dur:2 cpbdur:2 q:16.58 aq:14.98 tex:151784 mv:7331 misc:797 imb:138 pmb:1220 smb:262 d:- ref:0 ;
in:566 out:566 type:P dur:2 cpbdur:2 q:16.71 aq:13.66 tex:309024 mv:10060 misc:268 imb:1472 pmb:130 smb:18 d:- ref:0 ;
in:567 out:567 type:I dur:2 cpbdur:2 q:13.01 aq:10.07 tex:320377 mv:47504 misc:143 imb:1620 pmb:0 smb:0 d:- ref:;
in:568 out:568 type:P dur:2 cpbdur:2 q:16.77 aq:13.02 tex:397548 mv:11720 misc:324 imb:1372 pmb:214 smb:34 d:- ref:0 ;
in:572 out:569 type:P dur:2 cpbdur:2 q:16.78 aq:14.20 tex:303326 mv:11327 misc:211 imb:1486 pmb:134 smb:0 d:- ref:0 ;
in:570 out:570 type:B dur:2 cpbdur:2 q:16.78 aq:12.75 tex:429881 mv:22398 misc:321 imb:796 pmb:731 smb:93 d:- ref:0 ;
in:569 out:571 type:b dur:2 cpbdur:2 q:16.77 aq:15.96 tex:14946 mv:1475 misc:1227 imb:27 pmb:339 smb:1254 d:- ref:0 ;
in:571 out:572 type:b dur:2 cpbdur:2 q:16.78 aq:14.97 tex:3840 mv:856 misc:1136 imb:4 pmb:248 smb:1368 d:- ref:0 ;
in:573 out:573 type:P dur:2 cpbdur:2 q:17.05 aq:13.97 tex:284467 mv:10130 misc:211 imb:1510 pmb:109 smb:1 d:- ref:0 ;
in:574 out:574 type:P dur:2 cpbdur:2 q:17.18 aq:14.49 tex:331778 mv:11133 misc:289 imb:1418 pmb:176 smb:26 d:- ref:0 ;
in:575 out:575 type:P dur:2 cpbdur:2 q:17.18 aq:14.28 tex:400603 mv:11304 misc:309 imb:1398 pmb:192 smb:30 d:- ref:0 ;
in:576 out:576 type:P dur:2 cpbdur:2 q:17.19 aq:15.60 tex:322668 mv:13121 misc:299 imb:1298 pmb:258 smb:64 d:- ref:0 ;
in:577 out:577 type:P dur:2 cpbdur:2 q:17.25 aq:14.66 tex:302319 mv:11393 misc:192 imb:1483 pmb:137 smb:0 d:- ref:0 ;
in:578 out:578 type:P dur:2 cpbdur:2 q:17.34 aq:14.80 tex:296068 mv:11094 misc:262 imb:1481 pmb:134 smb:5 d:- ref:0 ;
in:579 out:579 type:P dur:2 cpbdur:2 q:17.45 aq:14.74 tex:325700 mv:11356 misc:280 imb:1432 pmb:164 smb:24 d:- ref:0 ;
in:582 out:580 type:P dur:2 cpbdur:2 q:17.46 aq:15.54 tex:328408 mv:12673 misc:239 imb:1403 pmb:207 smb:10 d:- ref:0 ;
in:580 out:581 type:B dur:2 cpbdur:2 q:17.45 aq:14.96 tex:33794 mv:1336 misc:1646 imb:3 pmb:767 smb:850 d:- ref:0 ;
in:581 out:582 type:b dur:2 cpbdur:2 q:17.46 aq:16.76 tex:5445 mv:1040 misc:1387 imb:2 pmb:388 smb:1230 d:- ref:0 ;
